2020-11-05 17:25:29.056 [ERROR] org.example.Main.main(Main.java:13) : ERRRRRRRRRRRRR
2020-11-05 17:30:54.982 [INFO ] org.hibernate.Version.logVersion(Version.java:44) : HHH000412: Hibernate ORM core version 5.4.22.Final
2020-11-05 17:30:57.877 [INFO ] org.hibernate.annotations.common.reflection.java.JavaReflectionManager.<clinit>(JavaReflectionManager.java:49) : HCANN000001: Hibernate Commons Annotations {5.1.0.Final}
2020-11-05 17:30:58.501 [WARN ] org.hibernate.engine.jdbc.connections.internal.DriverManagerConnectionProviderImpl.configure(DriverManagerConnectionProviderImpl.java:72) : HHH10001002: Using Hibernate built-in connection pool (not for production use!)
2020-11-05 17:30:58.526 [INFO ] org.hibernate.engine.jdbc.connections.internal.DriverManagerConnectionProviderImpl.buildCreator(DriverManagerConnectionProviderImpl.java:115) : HHH10001005: using driver [com.mysql.cj.jdbc.Driver] at URL [jdbc:mysql://localhost:3306/foodOnline1]
2020-11-05 17:30:58.527 [INFO ] org.hibernate.engine.jdbc.connections.internal.DriverManagerConnectionProviderImpl.buildCreator(DriverManagerConnectionProviderImpl.java:124) : HHH10001001: Connection properties: {user=root, password=****}
2020-11-05 17:30:58.528 [INFO ] org.hibernate.engine.jdbc.connections.internal.DriverManagerConnectionProviderImpl.buildCreator(DriverManagerConnectionProviderImpl.java:129) : HHH10001003: Autocommit mode: false
2020-11-05 17:30:58.542 [INFO ] org.hibernate.engine.jdbc.connections.internal.DriverManagerConnectionProviderImpl$PooledConnections.<init>(DriverManagerConnectionProviderImpl.java:249) : HHH000115: Hibernate connection pool size: 1 (min=1)
2020-11-05 17:30:59.857 [WARN ] org.hibernate.engine.jdbc.env.internal.JdbcEnvironmentInitiator.initiateService(JdbcEnvironmentInitiator.java:132) : HHH000342: Could not obtain connection to query metadata : null
2020-11-05 17:30:59.937 [INFO ] org.hibernate.dialect.Dialect.<init>(Dialect.java:170) : HHH000400: Using dialect: org.hibernate.dialect.MySQL8Dialect
2020-11-05 17:31:00.011 [WARN ] org.hibernate.engine.jdbc.spi.SqlExceptionHelper.logExceptions(SqlExceptionHelper.java:137) : SQL Error: 1049, SQLState: 42000
2020-11-05 17:31:00.011 [ERROR] org.hibernate.engine.jdbc.spi.SqlExceptionHelper.logExceptions(SqlExceptionHelper.java:142) : Unknown database 'foodonline1'
2020-11-05 17:32:13.367 [INFO ] org.hibernate.Version.logVersion(Version.java:44) : HHH000412: Hibernate ORM core version 5.4.22.Final
2020-11-05 17:32:17.672 [INFO ] org.hibernate.annotations.common.reflection.java.JavaReflectionManager.<clinit>(JavaReflectionManager.java:49) : HCANN000001: Hibernate Commons Annotations {5.1.0.Final}
2020-11-05 17:32:18.098 [WARN ] org.hibernate.engine.jdbc.connections.internal.DriverManagerConnectionProviderImpl.configure(DriverManagerConnectionProviderImpl.java:72) : HHH10001002: Using Hibernate built-in connection pool (not for production use!)
2020-11-05 17:32:18.107 [INFO ] org.hibernate.engine.jdbc.connections.internal.DriverManagerConnectionProviderImpl.buildCreator(DriverManagerConnectionProviderImpl.java:115) : HHH10001005: using driver [com.mysql.cj.jdbc.Driver] at URL [jdbc:mysql://localhost:3306/food_online1]
2020-11-05 17:32:18.108 [INFO ] org.hibernate.engine.jdbc.connections.internal.DriverManagerConnectionProviderImpl.buildCreator(DriverManagerConnectionProviderImpl.java:124) : HHH10001001: Connection properties: {user=root, password=****}
2020-11-05 17:32:18.108 [INFO ] org.hibernate.engine.jdbc.connections.internal.DriverManagerConnectionProviderImpl.buildCreator(DriverManagerConnectionProviderImpl.java:129) : HHH10001003: Autocommit mode: false
2020-11-05 17:32:18.112 [INFO ] org.hibernate.engine.jdbc.connections.internal.DriverManagerConnectionProviderImpl$PooledConnections.<init>(DriverManagerConnectionProviderImpl.java:249) : HHH000115: Hibernate connection pool size: 1 (min=1)
2020-11-05 17:32:18.988 [INFO ] org.hibernate.dialect.Dialect.<init>(Dialect.java:170) : HHH000400: Using dialect: org.hibernate.dialect.MySQL8Dialect
2020-11-05 17:32:20.805 [INFO ] org.hibernate.resource.transaction.backend.jdbc.internal.DdlTransactionIsolatorNonJtaImpl.getIsolatedConnection(DdlTransactionIsolatorNonJtaImpl.java:47) : HHH10001501: Connection obtained from JdbcConnectionAccess [org.hibernate.engine.jdbc.env.internal.JdbcEnvironmentInitiator$ConnectionProviderJdbcConnectionAccess@55b8dbda] for (non-JTA) DDL execution was not in auto-commit mode; the Connection 'local transaction' will be committed and the Connection will be set into auto-commit mode.
2020-11-05 17:32:22.316 [INFO ] org.hibernate.engine.transaction.jta.platform.internal.JtaPlatformInitiator.initiateService(JtaPlatformInitiator.java:52) : HHH000490: Using JtaPlatform implementation: [org.hibernate.engine.transaction.jta.platform.internal.NoJtaPlatform]
2020-11-05 17:34:31.791 [INFO ] org.hibernate.Version.logVersion(Version.java:44) : HHH000412: Hibernate ORM core version 5.4.22.Final
2020-11-05 17:34:33.008 [INFO ] org.hibernate.annotations.common.reflection.java.JavaReflectionManager.<clinit>(JavaReflectionManager.java:49) : HCANN000001: Hibernate Commons Annotations {5.1.0.Final}
2020-11-05 17:34:33.447 [WARN ] org.hibernate.engine.jdbc.connections.internal.DriverManagerConnectionProviderImpl.configure(DriverManagerConnectionProviderImpl.java:72) : HHH10001002: Using Hibernate built-in connection pool (not for production use!)
2020-11-05 17:34:33.456 [INFO ] org.hibernate.engine.jdbc.connections.internal.DriverManagerConnectionProviderImpl.buildCreator(DriverManagerConnectionProviderImpl.java:115) : HHH10001005: using driver [com.mysql.cj.jdbc.Driver] at URL [jdbc:mysql://localhost:3306/food_online1]
2020-11-05 17:34:33.456 [INFO ] org.hibernate.engine.jdbc.connections.internal.DriverManagerConnectionProviderImpl.buildCreator(DriverManagerConnectionProviderImpl.java:124) : HHH10001001: Connection properties: {user=root, password=****}
2020-11-05 17:34:33.457 [INFO ] org.hibernate.engine.jdbc.connections.internal.DriverManagerConnectionProviderImpl.buildCreator(DriverManagerConnectionProviderImpl.java:129) : HHH10001003: Autocommit mode: false
2020-11-05 17:34:33.461 [INFO ] org.hibernate.engine.jdbc.connections.internal.DriverManagerConnectionProviderImpl$PooledConnections.<init>(DriverManagerConnectionProviderImpl.java:249) : HHH000115: Hibernate connection pool size: 1 (min=1)
2020-11-05 17:34:34.300 [INFO ] org.hibernate.dialect.Dialect.<init>(Dialect.java:170) : HHH000400: Using dialect: org.hibernate.dialect.MySQL8Dialect
2020-11-05 17:34:35.300 [INFO ] org.hibernate.resource.transaction.backend.jdbc.internal.DdlTransactionIsolatorNonJtaImpl.getIsolatedConnection(DdlTransactionIsolatorNonJtaImpl.java:47) : HHH10001501: Connection obtained from JdbcConnectionAccess [org.hibernate.engine.jdbc.env.internal.JdbcEnvironmentInitiator$ConnectionProviderJdbcConnectionAccess@55b8dbda] for (non-JTA) DDL execution was not in auto-commit mode; the Connection 'local transaction' will be committed and the Connection will be set into auto-commit mode.
2020-11-05 17:34:35.345 [INFO ] org.hibernate.engine.transaction.jta.platform.internal.JtaPlatformInitiator.initiateService(JtaPlatformInitiator.java:52) : HHH000490: Using JtaPlatform implementation: [org.hibernate.engine.transaction.jta.platform.internal.NoJtaPlatform]
2020-11-05 17:57:09.899 [INFO ] org.hibernate.Version.logVersion(Version.java:44) : HHH000412: Hibernate ORM core version 5.4.22.Final
2020-11-05 17:57:11.383 [INFO ] org.hibernate.annotations.common.reflection.java.JavaReflectionManager.<clinit>(JavaReflectionManager.java:49) : HCANN000001: Hibernate Commons Annotations {5.1.0.Final}
2020-11-05 17:57:11.899 [WARN ] org.hibernate.engine.jdbc.connections.internal.DriverManagerConnectionProviderImpl.configure(DriverManagerConnectionProviderImpl.java:72) : HHH10001002: Using Hibernate built-in connection pool (not for production use!)
2020-11-05 17:57:11.908 [INFO ] org.hibernate.engine.jdbc.connections.internal.DriverManagerConnectionProviderImpl.buildCreator(DriverManagerConnectionProviderImpl.java:115) : HHH10001005: using driver [com.mysql.cj.jdbc.Driver] at URL [jdbc:mysql://localhost:3306/food_online1]
2020-11-05 17:57:11.909 [INFO ] org.hibernate.engine.jdbc.connections.internal.DriverManagerConnectionProviderImpl.buildCreator(DriverManagerConnectionProviderImpl.java:124) : HHH10001001: Connection properties: {user=root, password=****}
2020-11-05 17:57:11.909 [INFO ] org.hibernate.engine.jdbc.connections.internal.DriverManagerConnectionProviderImpl.buildCreator(DriverManagerConnectionProviderImpl.java:129) : HHH10001003: Autocommit mode: false
2020-11-05 17:57:11.913 [INFO ] org.hibernate.engine.jdbc.connections.internal.DriverManagerConnectionProviderImpl$PooledConnections.<init>(DriverManagerConnectionProviderImpl.java:249) : HHH000115: Hibernate connection pool size: 1 (min=1)
2020-11-05 17:57:12.792 [INFO ] org.hibernate.dialect.Dialect.<init>(Dialect.java:170) : HHH000400: Using dialect: org.hibernate.dialect.MySQL8Dialect
2020-11-05 17:58:10.962 [INFO ] org.hibernate.Version.logVersion(Version.java:44) : HHH000412: Hibernate ORM core version 5.4.22.Final
2020-11-05 17:58:13.074 [INFO ] org.hibernate.annotations.common.reflection.java.JavaReflectionManager.<clinit>(JavaReflectionManager.java:49) : HCANN000001: Hibernate Commons Annotations {5.1.0.Final}
2020-11-05 17:58:13.496 [WARN ] org.hibernate.engine.jdbc.connections.internal.DriverManagerConnectionProviderImpl.configure(DriverManagerConnectionProviderImpl.java:72) : HHH10001002: Using Hibernate built-in connection pool (not for production use!)
2020-11-05 17:58:13.505 [INFO ] org.hibernate.engine.jdbc.connections.internal.DriverManagerConnectionProviderImpl.buildCreator(DriverManagerConnectionProviderImpl.java:115) : HHH10001005: using driver [com.mysql.cj.jdbc.Driver] at URL [jdbc:mysql://localhost:3306/food_online1]
2020-11-05 17:58:13.506 [INFO ] org.hibernate.engine.jdbc.connections.internal.DriverManagerConnectionProviderImpl.buildCreator(DriverManagerConnectionProviderImpl.java:124) : HHH10001001: Connection properties: {user=root, password=****}
2020-11-05 17:58:13.506 [INFO ] org.hibernate.engine.jdbc.connections.internal.DriverManagerConnectionProviderImpl.buildCreator(DriverManagerConnectionProviderImpl.java:129) : HHH10001003: Autocommit mode: false
2020-11-05 17:58:13.510 [INFO ] org.hibernate.engine.jdbc.connections.internal.DriverManagerConnectionProviderImpl$PooledConnections.<init>(DriverManagerConnectionProviderImpl.java:249) : HHH000115: Hibernate connection pool size: 1 (min=1)
2020-11-05 17:58:14.434 [INFO ] org.hibernate.dialect.Dialect.<init>(Dialect.java:170) : HHH000400: Using dialect: org.hibernate.dialect.MySQL8Dialect
2020-11-05 18:00:55.568 [INFO ] org.hibernate.Version.logVersion(Version.java:44) : HHH000412: Hibernate ORM core version 5.4.22.Final
2020-11-05 18:00:56.900 [INFO ] org.hibernate.annotations.common.reflection.java.JavaReflectionManager.<clinit>(JavaReflectionManager.java:49) : HCANN000001: Hibernate Commons Annotations {5.1.0.Final}
2020-11-05 18:00:57.401 [WARN ] org.hibernate.engine.jdbc.connections.internal.DriverManagerConnectionProviderImpl.configure(DriverManagerConnectionProviderImpl.java:72) : HHH10001002: Using Hibernate built-in connection pool (not for production use!)
2020-11-05 18:00:57.410 [INFO ] org.hibernate.engine.jdbc.connections.internal.DriverManagerConnectionProviderImpl.buildCreator(DriverManagerConnectionProviderImpl.java:115) : HHH10001005: using driver [com.mysql.cj.jdbc.Driver] at URL [jdbc:mysql://localhost:3306/food_online1]
2020-11-05 18:00:57.411 [INFO ] org.hibernate.engine.jdbc.connections.internal.DriverManagerConnectionProviderImpl.buildCreator(DriverManagerConnectionProviderImpl.java:124) : HHH10001001: Connection properties: {user=root, password=****}
2020-11-05 18:00:57.411 [INFO ] org.hibernate.engine.jdbc.connections.internal.DriverManagerConnectionProviderImpl.buildCreator(DriverManagerConnectionProviderImpl.java:129) : HHH10001003: Autocommit mode: false
2020-11-05 18:00:57.415 [INFO ] org.hibernate.engine.jdbc.connections.internal.DriverManagerConnectionProviderImpl$PooledConnections.<init>(DriverManagerConnectionProviderImpl.java:249) : HHH000115: Hibernate connection pool size: 1 (min=1)
2020-11-05 18:00:58.237 [INFO ] org.hibernate.dialect.Dialect.<init>(Dialect.java:170) : HHH000400: Using dialect: org.hibernate.dialect.MySQL8Dialect
2020-11-05 18:02:38.808 [INFO ] org.hibernate.Version.logVersion(Version.java:44) : HHH000412: Hibernate ORM core version 5.4.22.Final
2020-11-05 18:02:40.045 [INFO ] org.hibernate.annotations.common.reflection.java.JavaReflectionManager.<clinit>(JavaReflectionManager.java:49) : HCANN000001: Hibernate Commons Annotations {5.1.0.Final}
2020-11-05 18:02:40.516 [WARN ] org.hibernate.engine.jdbc.connections.internal.DriverManagerConnectionProviderImpl.configure(DriverManagerConnectionProviderImpl.java:72) : HHH10001002: Using Hibernate built-in connection pool (not for production use!)
2020-11-05 18:02:40.526 [INFO ] org.hibernate.engine.jdbc.connections.internal.DriverManagerConnectionProviderImpl.buildCreator(DriverManagerConnectionProviderImpl.java:115) : HHH10001005: using driver [com.mysql.cj.jdbc.Driver] at URL [jdbc:mysql://localhost:3306/food_online1]
2020-11-05 18:02:40.526 [INFO ] org.hibernate.engine.jdbc.connections.internal.DriverManagerConnectionProviderImpl.buildCreator(DriverManagerConnectionProviderImpl.java:124) : HHH10001001: Connection properties: {user=root, password=****}
2020-11-05 18:02:40.527 [INFO ] org.hibernate.engine.jdbc.connections.internal.DriverManagerConnectionProviderImpl.buildCreator(DriverManagerConnectionProviderImpl.java:129) : HHH10001003: Autocommit mode: false
2020-11-05 18:02:40.531 [INFO ] org.hibernate.engine.jdbc.connections.internal.DriverManagerConnectionProviderImpl$PooledConnections.<init>(DriverManagerConnectionProviderImpl.java:249) : HHH000115: Hibernate connection pool size: 1 (min=1)
2020-11-05 18:02:41.380 [INFO ] org.hibernate.dialect.Dialect.<init>(Dialect.java:170) : HHH000400: Using dialect: org.hibernate.dialect.MySQL8Dialect
2020-11-05 18:02:42.674 [INFO ] org.hibernate.resource.transaction.backend.jdbc.internal.DdlTransactionIsolatorNonJtaImpl.getIsolatedConnection(DdlTransactionIsolatorNonJtaImpl.java:47) : HHH10001501: Connection obtained from JdbcConnectionAccess [org.hibernate.engine.jdbc.env.internal.JdbcEnvironmentInitiator$ConnectionProviderJdbcConnectionAccess@67e28be3] for (non-JTA) DDL execution was not in auto-commit mode; the Connection 'local transaction' will be committed and the Connection will be set into auto-commit mode.
2020-11-05 18:02:46.402 [INFO ] org.hibernate.engine.transaction.jta.platform.internal.JtaPlatformInitiator.initiateService(JtaPlatformInitiator.java:52) : HHH000490: Using JtaPlatform implementation: [org.hibernate.engine.transaction.jta.platform.internal.NoJtaPlatform]
2020-11-05 18:06:53.925 [INFO ] org.hibernate.Version.logVersion(Version.java:44) : HHH000412: Hibernate ORM core version 5.4.22.Final
2020-11-05 18:06:55.466 [INFO ] org.hibernate.annotations.common.reflection.java.JavaReflectionManager.<clinit>(JavaReflectionManager.java:49) : HCANN000001: Hibernate Commons Annotations {5.1.0.Final}
2020-11-05 18:06:55.913 [WARN ] org.hibernate.engine.jdbc.connections.internal.DriverManagerConnectionProviderImpl.configure(DriverManagerConnectionProviderImpl.java:72) : HHH10001002: Using Hibernate built-in connection pool (not for production use!)
2020-11-05 18:06:55.923 [INFO ] org.hibernate.engine.jdbc.connections.internal.DriverManagerConnectionProviderImpl.buildCreator(DriverManagerConnectionProviderImpl.java:115) : HHH10001005: using driver [com.mysql.cj.jdbc.Driver] at URL [jdbc:mysql://localhost:3306/food_online1]
2020-11-05 18:06:55.924 [INFO ] org.hibernate.engine.jdbc.connections.internal.DriverManagerConnectionProviderImpl.buildCreator(DriverManagerConnectionProviderImpl.java:124) : HHH10001001: Connection properties: {user=root, password=****}
2020-11-05 18:06:55.924 [INFO ] org.hibernate.engine.jdbc.connections.internal.DriverManagerConnectionProviderImpl.buildCreator(DriverManagerConnectionProviderImpl.java:129) : HHH10001003: Autocommit mode: false
2020-11-05 18:06:55.928 [INFO ] org.hibernate.engine.jdbc.connections.internal.DriverManagerConnectionProviderImpl$PooledConnections.<init>(DriverManagerConnectionProviderImpl.java:249) : HHH000115: Hibernate connection pool size: 1 (min=1)
2020-11-05 18:06:56.822 [INFO ] org.hibernate.dialect.Dialect.<init>(Dialect.java:170) : HHH000400: Using dialect: org.hibernate.dialect.MySQL8Dialect
2020-11-05 18:08:27.134 [INFO ] org.hibernate.Version.logVersion(Version.java:44) : HHH000412: Hibernate ORM core version 5.4.22.Final
2020-11-05 18:08:28.470 [INFO ] org.hibernate.annotations.common.reflection.java.JavaReflectionManager.<clinit>(JavaReflectionManager.java:49) : HCANN000001: Hibernate Commons Annotations {5.1.0.Final}
2020-11-05 18:08:28.969 [WARN ] org.hibernate.engine.jdbc.connections.internal.DriverManagerConnectionProviderImpl.configure(DriverManagerConnectionProviderImpl.java:72) : HHH10001002: Using Hibernate built-in connection pool (not for production use!)
2020-11-05 18:08:28.978 [INFO ] org.hibernate.engine.jdbc.connections.internal.DriverManagerConnectionProviderImpl.buildCreator(DriverManagerConnectionProviderImpl.java:115) : HHH10001005: using driver [com.mysql.cj.jdbc.Driver] at URL [jdbc:mysql://localhost:3306/food_online1]
2020-11-05 18:08:28.978 [INFO ] org.hibernate.engine.jdbc.connections.internal.DriverManagerConnectionProviderImpl.buildCreator(DriverManagerConnectionProviderImpl.java:124) : HHH10001001: Connection properties: {user=root, password=****}
2020-11-05 18:08:28.979 [INFO ] org.hibernate.engine.jdbc.connections.internal.DriverManagerConnectionProviderImpl.buildCreator(DriverManagerConnectionProviderImpl.java:129) : HHH10001003: Autocommit mode: false
2020-11-05 18:08:28.983 [INFO ] org.hibernate.engine.jdbc.connections.internal.DriverManagerConnectionProviderImpl$PooledConnections.<init>(DriverManagerConnectionProviderImpl.java:249) : HHH000115: Hibernate connection pool size: 1 (min=1)
2020-11-05 18:08:29.818 [INFO ] org.hibernate.dialect.Dialect.<init>(Dialect.java:170) : HHH000400: Using dialect: org.hibernate.dialect.MySQL8Dialect
2020-11-05 18:08:30.836 [INFO ] org.hibernate.resource.transaction.backend.jdbc.internal.DdlTransactionIsolatorNonJtaImpl.getIsolatedConnection(DdlTransactionIsolatorNonJtaImpl.java:47) : HHH10001501: Connection obtained from JdbcConnectionAccess [org.hibernate.engine.jdbc.env.internal.JdbcEnvironmentInitiator$ConnectionProviderJdbcConnectionAccess@3e4f80cb] for (non-JTA) DDL execution was not in auto-commit mode; the Connection 'local transaction' will be committed and the Connection will be set into auto-commit mode.
2020-11-05 18:08:35.547 [INFO ] org.hibernate.engine.transaction.jta.platform.internal.JtaPlatformInitiator.initiateService(JtaPlatformInitiator.java:52) : HHH000490: Using JtaPlatform implementation: [org.hibernate.engine.transaction.jta.platform.internal.NoJtaPlatform]
2020-11-05 18:12:33.030 [INFO ] org.hibernate.Version.logVersion(Version.java:44) : HHH000412: Hibernate ORM core version 5.4.22.Final
2020-11-05 18:12:36.294 [INFO ] org.hibernate.annotations.common.reflection.java.JavaReflectionManager.<clinit>(JavaReflectionManager.java:49) : HCANN000001: Hibernate Commons Annotations {5.1.0.Final}
2020-11-05 18:12:36.767 [WARN ] org.hibernate.engine.jdbc.connections.internal.DriverManagerConnectionProviderImpl.configure(DriverManagerConnectionProviderImpl.java:72) : HHH10001002: Using Hibernate built-in connection pool (not for production use!)
2020-11-05 18:12:36.778 [INFO ] org.hibernate.engine.jdbc.connections.internal.DriverManagerConnectionProviderImpl.buildCreator(DriverManagerConnectionProviderImpl.java:115) : HHH10001005: using driver [com.mysql.cj.jdbc.Driver] at URL [jdbc:mysql://localhost:3306/food_online1]
2020-11-05 18:12:36.779 [INFO ] org.hibernate.engine.jdbc.connections.internal.DriverManagerConnectionProviderImpl.buildCreator(DriverManagerConnectionProviderImpl.java:124) : HHH10001001: Connection properties: {user=root, password=****}
2020-11-05 18:12:36.779 [INFO ] org.hibernate.engine.jdbc.connections.internal.DriverManagerConnectionProviderImpl.buildCreator(DriverManagerConnectionProviderImpl.java:129) : HHH10001003: Autocommit mode: false
2020-11-05 18:12:36.785 [INFO ] org.hibernate.engine.jdbc.connections.internal.DriverManagerConnectionProviderImpl$PooledConnections.<init>(DriverManagerConnectionProviderImpl.java:249) : HHH000115: Hibernate connection pool size: 1 (min=1)
2020-11-05 18:12:37.655 [INFO ] org.hibernate.dialect.Dialect.<init>(Dialect.java:170) : HHH000400: Using dialect: org.hibernate.dialect.MySQL8Dialect
2020-11-05 18:13:16.890 [INFO ] org.hibernate.Version.logVersion(Version.java:44) : HHH000412: Hibernate ORM core version 5.4.22.Final
2020-11-05 18:13:17.898 [INFO ] org.hibernate.annotations.common.reflection.java.JavaReflectionManager.<clinit>(JavaReflectionManager.java:49) : HCANN000001: Hibernate Commons Annotations {5.1.0.Final}
2020-11-05 18:13:18.364 [WARN ] org.hibernate.engine.jdbc.connections.internal.DriverManagerConnectionProviderImpl.configure(DriverManagerConnectionProviderImpl.java:72) : HHH10001002: Using Hibernate built-in connection pool (not for production use!)
2020-11-05 18:13:18.373 [INFO ] org.hibernate.engine.jdbc.connections.internal.DriverManagerConnectionProviderImpl.buildCreator(DriverManagerConnectionProviderImpl.java:115) : HHH10001005: using driver [com.mysql.cj.jdbc.Driver] at URL [jdbc:mysql://localhost:3306/food_online1]
2020-11-05 18:13:18.374 [INFO ] org.hibernate.engine.jdbc.connections.internal.DriverManagerConnectionProviderImpl.buildCreator(DriverManagerConnectionProviderImpl.java:124) : HHH10001001: Connection properties: {user=root, password=****}
2020-11-05 18:13:18.374 [INFO ] org.hibernate.engine.jdbc.connections.internal.DriverManagerConnectionProviderImpl.buildCreator(DriverManagerConnectionProviderImpl.java:129) : HHH10001003: Autocommit mode: false
2020-11-05 18:13:18.378 [INFO ] org.hibernate.engine.jdbc.connections.internal.DriverManagerConnectionProviderImpl$PooledConnections.<init>(DriverManagerConnectionProviderImpl.java:249) : HHH000115: Hibernate connection pool size: 1 (min=1)
2020-11-05 18:13:19.212 [INFO ] org.hibernate.dialect.Dialect.<init>(Dialect.java:170) : HHH000400: Using dialect: org.hibernate.dialect.MySQL8Dialect
2020-11-05 18:13:20.442 [INFO ] org.hibernate.resource.transaction.backend.jdbc.internal.DdlTransactionIsolatorNonJtaImpl.getIsolatedConnection(DdlTransactionIsolatorNonJtaImpl.java:47) : HHH10001501: Connection obtained from JdbcConnectionAccess [org.hibernate.engine.jdbc.env.internal.JdbcEnvironmentInitiator$ConnectionProviderJdbcConnectionAccess@68c87fc3] for (non-JTA) DDL execution was not in auto-commit mode; the Connection 'local transaction' will be committed and the Connection will be set into auto-commit mode.
2020-11-05 18:13:23.608 [INFO ] org.hibernate.engine.transaction.jta.platform.internal.JtaPlatformInitiator.initiateService(JtaPlatformInitiator.java:52) : HHH000490: Using JtaPlatform implementation: [org.hibernate.engine.transaction.jta.platform.internal.NoJtaPlatform]
2020-11-05 18:16:58.234 [INFO ] org.hibernate.Version.logVersion(Version.java:44) : HHH000412: Hibernate ORM core version 5.4.22.Final
2020-11-05 18:17:00.513 [INFO ] org.hibernate.annotations.common.reflection.java.JavaReflectionManager.<clinit>(JavaReflectionManager.java:49) : HCANN000001: Hibernate Commons Annotations {5.1.0.Final}
2020-11-05 18:17:00.942 [WARN ] org.hibernate.engine.jdbc.connections.internal.DriverManagerConnectionProviderImpl.configure(DriverManagerConnectionProviderImpl.java:72) : HHH10001002: Using Hibernate built-in connection pool (not for production use!)
2020-11-05 18:17:00.951 [INFO ] org.hibernate.engine.jdbc.connections.internal.DriverManagerConnectionProviderImpl.buildCreator(DriverManagerConnectionProviderImpl.java:115) : HHH10001005: using driver [com.mysql.cj.jdbc.Driver] at URL [jdbc:mysql://localhost:3306/food_online1]
2020-11-05 18:17:00.952 [INFO ] org.hibernate.engine.jdbc.connections.internal.DriverManagerConnectionProviderImpl.buildCreator(DriverManagerConnectionProviderImpl.java:124) : HHH10001001: Connection properties: {user=root, password=****}
2020-11-05 18:17:00.952 [INFO ] org.hibernate.engine.jdbc.connections.internal.DriverManagerConnectionProviderImpl.buildCreator(DriverManagerConnectionProviderImpl.java:129) : HHH10001003: Autocommit mode: false
2020-11-05 18:17:00.957 [INFO ] org.hibernate.engine.jdbc.connections.internal.DriverManagerConnectionProviderImpl$PooledConnections.<init>(DriverManagerConnectionProviderImpl.java:249) : HHH000115: Hibernate connection pool size: 1 (min=1)
2020-11-05 18:17:01.804 [INFO ] org.hibernate.dialect.Dialect.<init>(Dialect.java:170) : HHH000400: Using dialect: org.hibernate.dialect.MySQL8Dialect
2020-11-05 18:17:03.048 [INFO ] org.hibernate.resource.transaction.backend.jdbc.internal.DdlTransactionIsolatorNonJtaImpl.getIsolatedConnection(DdlTransactionIsolatorNonJtaImpl.java:47) : HHH10001501: Connection obtained from JdbcConnectionAccess [org.hibernate.engine.jdbc.env.internal.JdbcEnvironmentInitiator$ConnectionProviderJdbcConnectionAccess@784c5ef5] for (non-JTA) DDL execution was not in auto-commit mode; the Connection 'local transaction' will be committed and the Connection will be set into auto-commit mode.
2020-11-05 18:17:10.388 [INFO ] org.hibernate.engine.transaction.jta.platform.internal.JtaPlatformInitiator.initiateService(JtaPlatformInitiator.java:52) : HHH000490: Using JtaPlatform implementation: [org.hibernate.engine.transaction.jta.platform.internal.NoJtaPlatform]
2020-11-05 18:19:52.893 [INFO ] org.hibernate.Version.logVersion(Version.java:44) : HHH000412: Hibernate ORM core version 5.4.22.Final
2020-11-05 18:19:54.001 [INFO ] org.hibernate.annotations.common.reflection.java.JavaReflectionManager.<clinit>(JavaReflectionManager.java:49) : HCANN000001: Hibernate Commons Annotations {5.1.0.Final}
2020-11-05 18:19:54.469 [WARN ] org.hibernate.engine.jdbc.connections.internal.DriverManagerConnectionProviderImpl.configure(DriverManagerConnectionProviderImpl.java:72) : HHH10001002: Using Hibernate built-in connection pool (not for production use!)
2020-11-05 18:19:54.478 [INFO ] org.hibernate.engine.jdbc.connections.internal.DriverManagerConnectionProviderImpl.buildCreator(DriverManagerConnectionProviderImpl.java:115) : HHH10001005: using driver [com.mysql.cj.jdbc.Driver] at URL [jdbc:mysql://localhost:3306/food_online1]
2020-11-05 18:19:54.479 [INFO ] org.hibernate.engine.jdbc.connections.internal.DriverManagerConnectionProviderImpl.buildCreator(DriverManagerConnectionProviderImpl.java:124) : HHH10001001: Connection properties: {user=root, password=****}
2020-11-05 18:19:54.479 [INFO ] org.hibernate.engine.jdbc.connections.internal.DriverManagerConnectionProviderImpl.buildCreator(DriverManagerConnectionProviderImpl.java:129) : HHH10001003: Autocommit mode: false
2020-11-05 18:19:54.483 [INFO ] org.hibernate.engine.jdbc.connections.internal.DriverManagerConnectionProviderImpl$PooledConnections.<init>(DriverManagerConnectionProviderImpl.java:249) : HHH000115: Hibernate connection pool size: 1 (min=1)
2020-11-05 18:19:55.318 [INFO ] org.hibernate.dialect.Dialect.<init>(Dialect.java:170) : HHH000400: Using dialect: org.hibernate.dialect.MySQL8Dialect
2020-11-05 18:19:56.550 [INFO ] org.hibernate.resource.transaction.backend.jdbc.internal.DdlTransactionIsolatorNonJtaImpl.getIsolatedConnection(DdlTransactionIsolatorNonJtaImpl.java:47) : HHH10001501: Connection obtained from JdbcConnectionAccess [org.hibernate.engine.jdbc.env.internal.JdbcEnvironmentInitiator$ConnectionProviderJdbcConnectionAccess@61f80d55] for (non-JTA) DDL execution was not in auto-commit mode; the Connection 'local transaction' will be committed and the Connection will be set into auto-commit mode.
2020-11-05 18:19:56.734 [INFO ] org.hibernate.engine.transaction.jta.platform.internal.JtaPlatformInitiator.initiateService(JtaPlatformInitiator.java:52) : HHH000490: Using JtaPlatform implementation: [org.hibernate.engine.transaction.jta.platform.internal.NoJtaPlatform]
2020-11-05 18:20:17.278 [INFO ] org.hibernate.Version.logVersion(Version.java:44) : HHH000412: Hibernate ORM core version 5.4.22.Final
2020-11-05 18:20:18.744 [INFO ] org.hibernate.annotations.common.reflection.java.JavaReflectionManager.<clinit>(JavaReflectionManager.java:49) : HCANN000001: Hibernate Commons Annotations {5.1.0.Final}
2020-11-05 18:20:19.171 [WARN ] org.hibernate.engine.jdbc.connections.internal.DriverManagerConnectionProviderImpl.configure(DriverManagerConnectionProviderImpl.java:72) : HHH10001002: Using Hibernate built-in connection pool (not for production use!)
2020-11-05 18:20:19.180 [INFO ] org.hibernate.engine.jdbc.connections.internal.DriverManagerConnectionProviderImpl.buildCreator(DriverManagerConnectionProviderImpl.java:115) : HHH10001005: using driver [com.mysql.cj.jdbc.Driver] at URL [jdbc:mysql://localhost:3306/food_online1]
2020-11-05 18:20:19.181 [INFO ] org.hibernate.engine.jdbc.connections.internal.DriverManagerConnectionProviderImpl.buildCreator(DriverManagerConnectionProviderImpl.java:124) : HHH10001001: Connection properties: {user=root, password=****}
2020-11-05 18:20:19.181 [INFO ] org.hibernate.engine.jdbc.connections.internal.DriverManagerConnectionProviderImpl.buildCreator(DriverManagerConnectionProviderImpl.java:129) : HHH10001003: Autocommit mode: false
2020-11-05 18:20:19.185 [INFO ] org.hibernate.engine.jdbc.connections.internal.DriverManagerConnectionProviderImpl$PooledConnections.<init>(DriverManagerConnectionProviderImpl.java:249) : HHH000115: Hibernate connection pool size: 1 (min=1)
2020-11-05 18:20:20.042 [INFO ] org.hibernate.dialect.Dialect.<init>(Dialect.java:170) : HHH000400: Using dialect: org.hibernate.dialect.MySQL8Dialect
2020-11-05 18:20:21.123 [INFO ] org.hibernate.resource.transaction.backend.jdbc.internal.DdlTransactionIsolatorNonJtaImpl.getIsolatedConnection(DdlTransactionIsolatorNonJtaImpl.java:47) : HHH10001501: Connection obtained from JdbcConnectionAccess [org.hibernate.engine.jdbc.env.internal.JdbcEnvironmentInitiator$ConnectionProviderJdbcConnectionAccess@61f80d55] for (non-JTA) DDL execution was not in auto-commit mode; the Connection 'local transaction' will be committed and the Connection will be set into auto-commit mode.
2020-11-05 18:20:39.364 [INFO ] org.hibernate.engine.transaction.jta.platform.internal.JtaPlatformInitiator.initiateService(JtaPlatformInitiator.java:52) : HHH000490: Using JtaPlatform implementation: [org.hibernate.engine.transaction.jta.platform.internal.NoJtaPlatform]
2020-11-05 18:40:48.594 [INFO ] org.hibernate.Version.logVersion(Version.java:44) : HHH000412: Hibernate ORM core version 5.4.22.Final
2020-11-05 18:40:51.459 [INFO ] org.hibernate.annotations.common.reflection.java.JavaReflectionManager.<clinit>(JavaReflectionManager.java:49) : HCANN000001: Hibernate Commons Annotations {5.1.0.Final}
2020-11-05 18:40:51.880 [WARN ] org.hibernate.engine.jdbc.connections.internal.DriverManagerConnectionProviderImpl.configure(DriverManagerConnectionProviderImpl.java:72) : HHH10001002: Using Hibernate built-in connection pool (not for production use!)
2020-11-05 18:40:51.889 [INFO ] org.hibernate.engine.jdbc.connections.internal.DriverManagerConnectionProviderImpl.buildCreator(DriverManagerConnectionProviderImpl.java:115) : HHH10001005: using driver [com.mysql.cj.jdbc.Driver] at URL [jdbc:mysql://localhost:3306/food_online1]
2020-11-05 18:40:51.890 [INFO ] org.hibernate.engine.jdbc.connections.internal.DriverManagerConnectionProviderImpl.buildCreator(DriverManagerConnectionProviderImpl.java:124) : HHH10001001: Connection properties: {user=root, password=****}
2020-11-05 18:40:51.890 [INFO ] org.hibernate.engine.jdbc.connections.internal.DriverManagerConnectionProviderImpl.buildCreator(DriverManagerConnectionProviderImpl.java:129) : HHH10001003: Autocommit mode: false
2020-11-05 18:40:51.895 [INFO ] org.hibernate.engine.jdbc.connections.internal.DriverManagerConnectionProviderImpl$PooledConnections.<init>(DriverManagerConnectionProviderImpl.java:249) : HHH000115: Hibernate connection pool size: 1 (min=1)
2020-11-05 18:40:52.748 [INFO ] org.hibernate.dialect.Dialect.<init>(Dialect.java:170) : HHH000400: Using dialect: org.hibernate.dialect.MySQL8Dialect
2020-11-05 18:40:53.872 [INFO ] org.hibernate.resource.transaction.backend.jdbc.internal.DdlTransactionIsolatorNonJtaImpl.getIsolatedConnection(DdlTransactionIsolatorNonJtaImpl.java:47) : HHH10001501: Connection obtained from JdbcConnectionAccess [org.hibernate.engine.jdbc.env.internal.JdbcEnvironmentInitiator$ConnectionProviderJdbcConnectionAccess@30501e60] for (non-JTA) DDL execution was not in auto-commit mode; the Connection 'local transaction' will be committed and the Connection will be set into auto-commit mode.
2020-11-05 18:40:54.152 [INFO ] org.hibernate.engine.transaction.jta.platform.internal.JtaPlatformInitiator.initiateService(JtaPlatformInitiator.java:52) : HHH000490: Using JtaPlatform implementation: [org.hibernate.engine.transaction.jta.platform.internal.NoJtaPlatform]
2020-11-05 18:50:51.988 [INFO ] org.hibernate.Version.logVersion(Version.java:44) : HHH000412: Hibernate ORM core version 5.4.22.Final
2020-11-05 18:50:53.319 [INFO ] org.hibernate.annotations.common.reflection.java.JavaReflectionManager.<clinit>(JavaReflectionManager.java:49) : HCANN000001: Hibernate Commons Annotations {5.1.0.Final}
2020-11-05 18:50:53.739 [WARN ] org.hibernate.engine.jdbc.connections.internal.DriverManagerConnectionProviderImpl.configure(DriverManagerConnectionProviderImpl.java:72) : HHH10001002: Using Hibernate built-in connection pool (not for production use!)
2020-11-05 18:50:53.748 [INFO ] org.hibernate.engine.jdbc.connections.internal.DriverManagerConnectionProviderImpl.buildCreator(DriverManagerConnectionProviderImpl.java:115) : HHH10001005: using driver [com.mysql.cj.jdbc.Driver] at URL [jdbc:mysql://localhost:3306/food_online1]
2020-11-05 18:50:53.749 [INFO ] org.hibernate.engine.jdbc.connections.internal.DriverManagerConnectionProviderImpl.buildCreator(DriverManagerConnectionProviderImpl.java:124) : HHH10001001: Connection properties: {user=root, password=****}
2020-11-05 18:50:53.749 [INFO ] org.hibernate.engine.jdbc.connections.internal.DriverManagerConnectionProviderImpl.buildCreator(DriverManagerConnectionProviderImpl.java:129) : HHH10001003: Autocommit mode: false
2020-11-05 18:50:53.753 [INFO ] org.hibernate.engine.jdbc.connections.internal.DriverManagerConnectionProviderImpl$PooledConnections.<init>(DriverManagerConnectionProviderImpl.java:249) : HHH000115: Hibernate connection pool size: 1 (min=1)
2020-11-05 18:50:54.598 [INFO ] org.hibernate.dialect.Dialect.<init>(Dialect.java:170) : HHH000400: Using dialect: org.hibernate.dialect.MySQL8Dialect
2020-11-05 18:50:55.696 [INFO ] org.hibernate.resource.transaction.backend.jdbc.internal.DdlTransactionIsolatorNonJtaImpl.getIsolatedConnection(DdlTransactionIsolatorNonJtaImpl.java:47) : HHH10001501: Connection obtained from JdbcConnectionAccess [org.hibernate.engine.jdbc.env.internal.JdbcEnvironmentInitiator$ConnectionProviderJdbcConnectionAccess@30501e60] for (non-JTA) DDL execution was not in auto-commit mode; the Connection 'local transaction' will be committed and the Connection will be set into auto-commit mode.
2020-11-05 18:50:55.884 [INFO ] org.hibernate.engine.transaction.jta.platform.internal.JtaPlatformInitiator.initiateService(JtaPlatformInitiator.java:52) : HHH000490: Using JtaPlatform implementation: [org.hibernate.engine.transaction.jta.platform.internal.NoJtaPlatform]
2020-11-05 18:50:56.198 [ERROR] org.example.repository.RestaurantRepository.findByName(RestaurantRepository.java:45) : No entity found for query
2020-11-05 18:50:56.427 [ERROR] org.example.repository.RestaurantRepository.findByName(RestaurantRepository.java:45) : No entity found for query
2020-11-05 18:56:03.436 [INFO ] org.hibernate.Version.logVersion(Version.java:44) : HHH000412: Hibernate ORM core version 5.4.22.Final
2020-11-05 18:56:04.772 [INFO ] org.hibernate.annotations.common.reflection.java.JavaReflectionManager.<clinit>(JavaReflectionManager.java:49) : HCANN000001: Hibernate Commons Annotations {5.1.0.Final}
2020-11-05 18:56:05.201 [WARN ] org.hibernate.engine.jdbc.connections.internal.DriverManagerConnectionProviderImpl.configure(DriverManagerConnectionProviderImpl.java:72) : HHH10001002: Using Hibernate built-in connection pool (not for production use!)
2020-11-05 18:56:05.210 [INFO ] org.hibernate.engine.jdbc.connections.internal.DriverManagerConnectionProviderImpl.buildCreator(DriverManagerConnectionProviderImpl.java:115) : HHH10001005: using driver [com.mysql.cj.jdbc.Driver] at URL [jdbc:mysql://localhost:3306/food_online1]
2020-11-05 18:56:05.210 [INFO ] org.hibernate.engine.jdbc.connections.internal.DriverManagerConnectionProviderImpl.buildCreator(DriverManagerConnectionProviderImpl.java:124) : HHH10001001: Connection properties: {user=root, password=****}
2020-11-05 18:56:05.211 [INFO ] org.hibernate.engine.jdbc.connections.internal.DriverManagerConnectionProviderImpl.buildCreator(DriverManagerConnectionProviderImpl.java:129) : HHH10001003: Autocommit mode: false
2020-11-05 18:56:05.215 [INFO ] org.hibernate.engine.jdbc.connections.internal.DriverManagerConnectionProviderImpl$PooledConnections.<init>(DriverManagerConnectionProviderImpl.java:249) : HHH000115: Hibernate connection pool size: 1 (min=1)
2020-11-05 18:56:06.061 [INFO ] org.hibernate.dialect.Dialect.<init>(Dialect.java:170) : HHH000400: Using dialect: org.hibernate.dialect.MySQL8Dialect
2020-11-05 18:56:07.244 [INFO ] org.hibernate.resource.transaction.backend.jdbc.internal.DdlTransactionIsolatorNonJtaImpl.getIsolatedConnection(DdlTransactionIsolatorNonJtaImpl.java:47) : HHH10001501: Connection obtained from JdbcConnectionAccess [org.hibernate.engine.jdbc.env.internal.JdbcEnvironmentInitiator$ConnectionProviderJdbcConnectionAccess@40298285] for (non-JTA) DDL execution was not in auto-commit mode; the Connection 'local transaction' will be committed and the Connection will be set into auto-commit mode.
2020-11-05 18:56:07.575 [INFO ] org.hibernate.engine.transaction.jta.platform.internal.JtaPlatformInitiator.initiateService(JtaPlatformInitiator.java:52) : HHH000490: Using JtaPlatform implementation: [org.hibernate.engine.transaction.jta.platform.internal.NoJtaPlatform]
2020-11-05 18:56:07.915 [ERROR] org.example.repository.RestaurantRepository.findByName(RestaurantRepository.java:45) : No entity found for query
2020-11-05 18:56:08.195 [ERROR] org.example.repository.RestaurantRepository.findByName(RestaurantRepository.java:45) : No entity found for query
2020-11-05 18:58:56.239 [INFO ] org.hibernate.Version.logVersion(Version.java:44) : HHH000412: Hibernate ORM core version 5.4.22.Final
2020-11-05 18:58:58.114 [INFO ] org.hibernate.annotations.common.reflection.java.JavaReflectionManager.<clinit>(JavaReflectionManager.java:49) : HCANN000001: Hibernate Commons Annotations {5.1.0.Final}
2020-11-05 18:58:58.533 [WARN ] org.hibernate.engine.jdbc.connections.internal.DriverManagerConnectionProviderImpl.configure(DriverManagerConnectionProviderImpl.java:72) : HHH10001002: Using Hibernate built-in connection pool (not for production use!)
2020-11-05 18:58:58.542 [INFO ] org.hibernate.engine.jdbc.connections.internal.DriverManagerConnectionProviderImpl.buildCreator(DriverManagerConnectionProviderImpl.java:115) : HHH10001005: using driver [com.mysql.cj.jdbc.Driver] at URL [jdbc:mysql://localhost:3306/food_online1]
2020-11-05 18:58:58.542 [INFO ] org.hibernate.engine.jdbc.connections.internal.DriverManagerConnectionProviderImpl.buildCreator(DriverManagerConnectionProviderImpl.java:124) : HHH10001001: Connection properties: {user=root, password=****}
2020-11-05 18:58:58.543 [INFO ] org.hibernate.engine.jdbc.connections.internal.DriverManagerConnectionProviderImpl.buildCreator(DriverManagerConnectionProviderImpl.java:129) : HHH10001003: Autocommit mode: false
2020-11-05 18:58:58.547 [INFO ] org.hibernate.engine.jdbc.connections.internal.DriverManagerConnectionProviderImpl$PooledConnections.<init>(DriverManagerConnectionProviderImpl.java:249) : HHH000115: Hibernate connection pool size: 1 (min=1)
2020-11-05 18:58:59.389 [INFO ] org.hibernate.dialect.Dialect.<init>(Dialect.java:170) : HHH000400: Using dialect: org.hibernate.dialect.MySQL8Dialect
2020-11-05 18:59:00.610 [INFO ] org.hibernate.resource.transaction.backend.jdbc.internal.DdlTransactionIsolatorNonJtaImpl.getIsolatedConnection(DdlTransactionIsolatorNonJtaImpl.java:47) : HHH10001501: Connection obtained from JdbcConnectionAccess [org.hibernate.engine.jdbc.env.internal.JdbcEnvironmentInitiator$ConnectionProviderJdbcConnectionAccess@40298285] for (non-JTA) DDL execution was not in auto-commit mode; the Connection 'local transaction' will be committed and the Connection will be set into auto-commit mode.
2020-11-05 18:59:00.805 [INFO ] org.hibernate.engine.transaction.jta.platform.internal.JtaPlatformInitiator.initiateService(JtaPlatformInitiator.java:52) : HHH000490: Using JtaPlatform implementation: [org.hibernate.engine.transaction.jta.platform.internal.NoJtaPlatform]
2020-11-05 19:16:33.998 [INFO ] org.hibernate.Version.logVersion(Version.java:44) : HHH000412: Hibernate ORM core version 5.4.22.Final
2020-11-05 19:16:35.594 [INFO ] org.hibernate.annotations.common.reflection.java.JavaReflectionManager.<clinit>(JavaReflectionManager.java:49) : HCANN000001: Hibernate Commons Annotations {5.1.0.Final}
2020-11-05 19:16:36.152 [WARN ] org.hibernate.engine.jdbc.connections.internal.DriverManagerConnectionProviderImpl.configure(DriverManagerConnectionProviderImpl.java:72) : HHH10001002: Using Hibernate built-in connection pool (not for production use!)
2020-11-05 19:16:36.162 [INFO ] org.hibernate.engine.jdbc.connections.internal.DriverManagerConnectionProviderImpl.buildCreator(DriverManagerConnectionProviderImpl.java:115) : HHH10001005: using driver [com.mysql.cj.jdbc.Driver] at URL [jdbc:mysql://localhost:3306/food_online1]
2020-11-05 19:16:36.163 [INFO ] org.hibernate.engine.jdbc.connections.internal.DriverManagerConnectionProviderImpl.buildCreator(DriverManagerConnectionProviderImpl.java:124) : HHH10001001: Connection properties: {user=root, password=****}
2020-11-05 19:16:36.163 [INFO ] org.hibernate.engine.jdbc.connections.internal.DriverManagerConnectionProviderImpl.buildCreator(DriverManagerConnectionProviderImpl.java:129) : HHH10001003: Autocommit mode: false
2020-11-05 19:16:36.168 [INFO ] org.hibernate.engine.jdbc.connections.internal.DriverManagerConnectionProviderImpl$PooledConnections.<init>(DriverManagerConnectionProviderImpl.java:249) : HHH000115: Hibernate connection pool size: 1 (min=1)
2020-11-05 19:16:37.069 [INFO ] org.hibernate.dialect.Dialect.<init>(Dialect.java:170) : HHH000400: Using dialect: org.hibernate.dialect.MySQL8Dialect
2020-11-05 19:16:38.293 [INFO ] org.hibernate.resource.transaction.backend.jdbc.internal.DdlTransactionIsolatorNonJtaImpl.getIsolatedConnection(DdlTransactionIsolatorNonJtaImpl.java:47) : HHH10001501: Connection obtained from JdbcConnectionAccess [org.hibernate.engine.jdbc.env.internal.JdbcEnvironmentInitiator$ConnectionProviderJdbcConnectionAccess@40298285] for (non-JTA) DDL execution was not in auto-commit mode; the Connection 'local transaction' will be committed and the Connection will be set into auto-commit mode.
2020-11-05 19:16:38.485 [INFO ] org.hibernate.engine.transaction.jta.platform.internal.JtaPlatformInitiator.initiateService(JtaPlatformInitiator.java:52) : HHH000490: Using JtaPlatform implementation: [org.hibernate.engine.transaction.jta.platform.internal.NoJtaPlatform]
2020-11-05 19:16:48.382 [ERROR] org.example.repository.AdminRepository.findByUsername(AdminRepository.java:30) : No entity found for query
2020-11-05 19:17:50.436 [INFO ] org.example.repository.AdminRepository.changeAdminPassword(AdminRepository.java:46) : Password of admin is changed.
2020-11-05 19:19:18.257 [INFO ] org.example.repository.AdminRepository.changeAdminPassword(AdminRepository.java:46) : Password of admin is changed.
2020-11-05 19:20:03.864 [INFO ] org.hibernate.Version.logVersion(Version.java:44) : HHH000412: Hibernate ORM core version 5.4.22.Final
2020-11-05 19:20:06.069 [INFO ] org.hibernate.annotations.common.reflection.java.JavaReflectionManager.<clinit>(JavaReflectionManager.java:49) : HCANN000001: Hibernate Commons Annotations {5.1.0.Final}
2020-11-05 19:20:06.485 [WARN ] org.hibernate.engine.jdbc.connections.internal.DriverManagerConnectionProviderImpl.configure(DriverManagerConnectionProviderImpl.java:72) : HHH10001002: Using Hibernate built-in connection pool (not for production use!)
2020-11-05 19:20:06.494 [INFO ] org.hibernate.engine.jdbc.connections.internal.DriverManagerConnectionProviderImpl.buildCreator(DriverManagerConnectionProviderImpl.java:115) : HHH10001005: using driver [com.mysql.cj.jdbc.Driver] at URL [jdbc:mysql://localhost:3306/food_online1]
2020-11-05 19:20:06.494 [INFO ] org.hibernate.engine.jdbc.connections.internal.DriverManagerConnectionProviderImpl.buildCreator(DriverManagerConnectionProviderImpl.java:124) : HHH10001001: Connection properties: {user=root, password=****}
2020-11-05 19:20:06.495 [INFO ] org.hibernate.engine.jdbc.connections.internal.DriverManagerConnectionProviderImpl.buildCreator(DriverManagerConnectionProviderImpl.java:129) : HHH10001003: Autocommit mode: false
2020-11-05 19:20:06.499 [INFO ] org.hibernate.engine.jdbc.connections.internal.DriverManagerConnectionProviderImpl$PooledConnections.<init>(DriverManagerConnectionProviderImpl.java:249) : HHH000115: Hibernate connection pool size: 1 (min=1)
2020-11-05 19:20:07.331 [INFO ] org.hibernate.dialect.Dialect.<init>(Dialect.java:170) : HHH000400: Using dialect: org.hibernate.dialect.MySQL8Dialect
2020-11-05 19:20:08.417 [INFO ] org.hibernate.resource.transaction.backend.jdbc.internal.DdlTransactionIsolatorNonJtaImpl.getIsolatedConnection(DdlTransactionIsolatorNonJtaImpl.java:47) : HHH10001501: Connection obtained from JdbcConnectionAccess [org.hibernate.engine.jdbc.env.internal.JdbcEnvironmentInitiator$ConnectionProviderJdbcConnectionAccess@40298285] for (non-JTA) DDL execution was not in auto-commit mode; the Connection 'local transaction' will be committed and the Connection will be set into auto-commit mode.
2020-11-05 19:20:08.630 [INFO ] org.hibernate.engine.transaction.jta.platform.internal.JtaPlatformInitiator.initiateService(JtaPlatformInitiator.java:52) : HHH000490: Using JtaPlatform implementation: [org.hibernate.engine.transaction.jta.platform.internal.NoJtaPlatform]
2020-11-05 19:20:15.728 [ERROR] org.example.repository.AdminRepository.findByUsername(AdminRepository.java:30) : No entity found for query
2020-11-05 19:20:44.541 [ERROR] org.example.repository.AdminRepository.findByUsername(AdminRepository.java:30) : org.hibernate.HibernateException: The internal connection pool has reached its maximum size and no connection is currently available!
2020-11-05 19:20:44.541 [ERROR] org.example.repository.AdminRepository.changeAdminPassword(AdminRepository.java:49) : 
2020-11-05 19:21:26.140 [INFO ] org.hibernate.Version.logVersion(Version.java:44) : HHH000412: Hibernate ORM core version 5.4.22.Final
2020-11-05 19:21:27.198 [INFO ] org.hibernate.annotations.common.reflection.java.JavaReflectionManager.<clinit>(JavaReflectionManager.java:49) : HCANN000001: Hibernate Commons Annotations {5.1.0.Final}
2020-11-05 19:21:27.673 [WARN ] org.hibernate.engine.jdbc.connections.internal.DriverManagerConnectionProviderImpl.configure(DriverManagerConnectionProviderImpl.java:72) : HHH10001002: Using Hibernate built-in connection pool (not for production use!)
2020-11-05 19:21:27.682 [INFO ] org.hibernate.engine.jdbc.connections.internal.DriverManagerConnectionProviderImpl.buildCreator(DriverManagerConnectionProviderImpl.java:115) : HHH10001005: using driver [com.mysql.cj.jdbc.Driver] at URL [jdbc:mysql://localhost:3306/food_online1]
2020-11-05 19:21:27.683 [INFO ] org.hibernate.engine.jdbc.connections.internal.DriverManagerConnectionProviderImpl.buildCreator(DriverManagerConnectionProviderImpl.java:124) : HHH10001001: Connection properties: {user=root, password=****}
2020-11-05 19:21:27.683 [INFO ] org.hibernate.engine.jdbc.connections.internal.DriverManagerConnectionProviderImpl.buildCreator(DriverManagerConnectionProviderImpl.java:129) : HHH10001003: Autocommit mode: false
2020-11-05 19:21:27.687 [INFO ] org.hibernate.engine.jdbc.connections.internal.DriverManagerConnectionProviderImpl$PooledConnections.<init>(DriverManagerConnectionProviderImpl.java:249) : HHH000115: Hibernate connection pool size: 10 (min=1)
2020-11-05 19:21:28.539 [INFO ] org.hibernate.dialect.Dialect.<init>(Dialect.java:170) : HHH000400: Using dialect: org.hibernate.dialect.MySQL8Dialect
2020-11-05 19:21:29.668 [INFO ] org.hibernate.resource.transaction.backend.jdbc.internal.DdlTransactionIsolatorNonJtaImpl.getIsolatedConnection(DdlTransactionIsolatorNonJtaImpl.java:47) : HHH10001501: Connection obtained from JdbcConnectionAccess [org.hibernate.engine.jdbc.env.internal.JdbcEnvironmentInitiator$ConnectionProviderJdbcConnectionAccess@40298285] for (non-JTA) DDL execution was not in auto-commit mode; the Connection 'local transaction' will be committed and the Connection will be set into auto-commit mode.
2020-11-05 19:21:29.856 [INFO ] org.hibernate.engine.transaction.jta.platform.internal.JtaPlatformInitiator.initiateService(JtaPlatformInitiator.java:52) : HHH000490: Using JtaPlatform implementation: [org.hibernate.engine.transaction.jta.platform.internal.NoJtaPlatform]
2020-11-05 19:21:41.791 [INFO ] org.example.repository.AdminRepository.changeAdminPassword(AdminRepository.java:47) : Password of admin is changed.
2020-11-05 19:26:45.981 [INFO ] org.hibernate.Version.logVersion(Version.java:44) : HHH000412: Hibernate ORM core version 5.4.22.Final
2020-11-05 19:26:47.341 [INFO ] org.hibernate.annotations.common.reflection.java.JavaReflectionManager.<clinit>(JavaReflectionManager.java:49) : HCANN000001: Hibernate Commons Annotations {5.1.0.Final}
2020-11-05 19:26:47.763 [WARN ] org.hibernate.engine.jdbc.connections.internal.DriverManagerConnectionProviderImpl.configure(DriverManagerConnectionProviderImpl.java:72) : HHH10001002: Using Hibernate built-in connection pool (not for production use!)
2020-11-05 19:26:47.772 [INFO ] org.hibernate.engine.jdbc.connections.internal.DriverManagerConnectionProviderImpl.buildCreator(DriverManagerConnectionProviderImpl.java:115) : HHH10001005: using driver [com.mysql.cj.jdbc.Driver] at URL [jdbc:mysql://localhost:3306/food_online1]
2020-11-05 19:26:47.773 [INFO ] org.hibernate.engine.jdbc.connections.internal.DriverManagerConnectionProviderImpl.buildCreator(DriverManagerConnectionProviderImpl.java:124) : HHH10001001: Connection properties: {user=root, password=****}
2020-11-05 19:26:47.773 [INFO ] org.hibernate.engine.jdbc.connections.internal.DriverManagerConnectionProviderImpl.buildCreator(DriverManagerConnectionProviderImpl.java:129) : HHH10001003: Autocommit mode: false
2020-11-05 19:26:47.777 [INFO ] org.hibernate.engine.jdbc.connections.internal.DriverManagerConnectionProviderImpl$PooledConnections.<init>(DriverManagerConnectionProviderImpl.java:249) : HHH000115: Hibernate connection pool size: 10 (min=1)
2020-11-05 19:26:48.607 [INFO ] org.hibernate.dialect.Dialect.<init>(Dialect.java:170) : HHH000400: Using dialect: org.hibernate.dialect.MySQL8Dialect
2020-11-05 19:26:49.736 [INFO ] org.hibernate.resource.transaction.backend.jdbc.internal.DdlTransactionIsolatorNonJtaImpl.getIsolatedConnection(DdlTransactionIsolatorNonJtaImpl.java:47) : HHH10001501: Connection obtained from JdbcConnectionAccess [org.hibernate.engine.jdbc.env.internal.JdbcEnvironmentInitiator$ConnectionProviderJdbcConnectionAccess@40298285] for (non-JTA) DDL execution was not in auto-commit mode; the Connection 'local transaction' will be committed and the Connection will be set into auto-commit mode.
2020-11-05 19:26:49.996 [INFO ] org.hibernate.engine.transaction.jta.platform.internal.JtaPlatformInitiator.initiateService(JtaPlatformInitiator.java:52) : HHH000490: Using JtaPlatform implementation: [org.hibernate.engine.transaction.jta.platform.internal.NoJtaPlatform]
2020-11-05 19:26:56.111 [ERROR] org.example.repository.AdminRepository.findByUsername(AdminRepository.java:30) : query did not return a unique result: 2
2020-11-05 19:27:16.782 [INFO ] org.example.repository.AdminRepository.changeAdminPassword(AdminRepository.java:49) : Password of admin is changed.
2020-11-05 20:45:38.967 [INFO ] org.hibernate.Version.logVersion(Version.java:44) : HHH000412: Hibernate ORM core version 5.4.22.Final
2020-11-05 20:45:40.570 [INFO ] org.hibernate.annotations.common.reflection.java.JavaReflectionManager.<clinit>(JavaReflectionManager.java:49) : HCANN000001: Hibernate Commons Annotations {5.1.0.Final}
2020-11-05 20:45:40.993 [WARN ] org.hibernate.engine.jdbc.connections.internal.DriverManagerConnectionProviderImpl.configure(DriverManagerConnectionProviderImpl.java:72) : HHH10001002: Using Hibernate built-in connection pool (not for production use!)
2020-11-05 20:45:41.002 [INFO ] org.hibernate.engine.jdbc.connections.internal.DriverManagerConnectionProviderImpl.buildCreator(DriverManagerConnectionProviderImpl.java:115) : HHH10001005: using driver [com.mysql.cj.jdbc.Driver] at URL [jdbc:mysql://localhost:3306/food_online1]
2020-11-05 20:45:41.003 [INFO ] org.hibernate.engine.jdbc.connections.internal.DriverManagerConnectionProviderImpl.buildCreator(DriverManagerConnectionProviderImpl.java:124) : HHH10001001: Connection properties: {user=root, password=****}
2020-11-05 20:45:41.003 [INFO ] org.hibernate.engine.jdbc.connections.internal.DriverManagerConnectionProviderImpl.buildCreator(DriverManagerConnectionProviderImpl.java:129) : HHH10001003: Autocommit mode: false
2020-11-05 20:45:41.007 [INFO ] org.hibernate.engine.jdbc.connections.internal.DriverManagerConnectionProviderImpl$PooledConnections.<init>(DriverManagerConnectionProviderImpl.java:249) : HHH000115: Hibernate connection pool size: 10 (min=1)
2020-11-05 20:45:41.854 [INFO ] org.hibernate.dialect.Dialect.<init>(Dialect.java:170) : HHH000400: Using dialect: org.hibernate.dialect.MySQL8Dialect
2020-11-05 20:45:42.978 [INFO ] org.hibernate.resource.transaction.backend.jdbc.internal.DdlTransactionIsolatorNonJtaImpl.getIsolatedConnection(DdlTransactionIsolatorNonJtaImpl.java:47) : HHH10001501: Connection obtained from JdbcConnectionAccess [org.hibernate.engine.jdbc.env.internal.JdbcEnvironmentInitiator$ConnectionProviderJdbcConnectionAccess@1cb37ee4] for (non-JTA) DDL execution was not in auto-commit mode; the Connection 'local transaction' will be committed and the Connection will be set into auto-commit mode.
2020-11-05 20:45:43.196 [INFO ] org.hibernate.engine.transaction.jta.platform.internal.JtaPlatformInitiator.initiateService(JtaPlatformInitiator.java:52) : HHH000490: Using JtaPlatform implementation: [org.hibernate.engine.transaction.jta.platform.internal.NoJtaPlatform]
2020-11-05 20:46:22.999 [ERROR] org.example.repository.UserRepository.findUserByMobile(UserRepository.java:47) : No entity found for query
2020-11-05 20:47:12.872 [ERROR] org.example.repository.UserRepository.findUserByMobile(UserRepository.java:47) : No entity found for query
2020-11-05 20:47:32.995 [INFO ] org.example.repository.UserRepository.saveUser(UserRepository.java:28) : User 'ali' was saved successfully.
2020-11-05 20:47:35.620 [INFO ] org.example.service.UserService.saveCartInFile(UserService.java:54) : Cart Information saved successfully in file: 09011206070-1604596654084.txt
2020-11-05 21:31:40.169 [INFO ] org.hibernate.Version.logVersion(Version.java:44) : HHH000412: Hibernate ORM core version 5.4.22.Final
2020-11-05 21:31:41.478 [INFO ] org.hibernate.annotations.common.reflection.java.JavaReflectionManager.<clinit>(JavaReflectionManager.java:49) : HCANN000001: Hibernate Commons Annotations {5.1.0.Final}
2020-11-05 21:31:41.941 [WARN ] org.hibernate.engine.jdbc.connections.internal.DriverManagerConnectionProviderImpl.configure(DriverManagerConnectionProviderImpl.java:72) : HHH10001002: Using Hibernate built-in connection pool (not for production use!)
2020-11-05 21:31:41.952 [INFO ] org.hibernate.engine.jdbc.connections.internal.DriverManagerConnectionProviderImpl.buildCreator(DriverManagerConnectionProviderImpl.java:115) : HHH10001005: using driver [com.mysql.cj.jdbc.Driver] at URL [jdbc:mysql://localhost:3306/food_online1]
2020-11-05 21:31:41.952 [INFO ] org.hibernate.engine.jdbc.connections.internal.DriverManagerConnectionProviderImpl.buildCreator(DriverManagerConnectionProviderImpl.java:124) : HHH10001001: Connection properties: {user=root, password=****}
2020-11-05 21:31:41.953 [INFO ] org.hibernate.engine.jdbc.connections.internal.DriverManagerConnectionProviderImpl.buildCreator(DriverManagerConnectionProviderImpl.java:129) : HHH10001003: Autocommit mode: false
2020-11-05 21:31:41.957 [INFO ] org.hibernate.engine.jdbc.connections.internal.DriverManagerConnectionProviderImpl$PooledConnections.<init>(DriverManagerConnectionProviderImpl.java:249) : HHH000115: Hibernate connection pool size: 10 (min=1)
2020-11-05 21:31:43.696 [INFO ] org.hibernate.dialect.Dialect.<init>(Dialect.java:170) : HHH000400: Using dialect: org.hibernate.dialect.MySQL8Dialect
2020-11-05 21:31:45.116 [INFO ] org.hibernate.resource.transaction.backend.jdbc.internal.DdlTransactionIsolatorNonJtaImpl.getIsolatedConnection(DdlTransactionIsolatorNonJtaImpl.java:47) : HHH10001501: Connection obtained from JdbcConnectionAccess [org.hibernate.engine.jdbc.env.internal.JdbcEnvironmentInitiator$ConnectionProviderJdbcConnectionAccess@1cb37ee4] for (non-JTA) DDL execution was not in auto-commit mode; the Connection 'local transaction' will be committed and the Connection will be set into auto-commit mode.
2020-11-05 21:31:45.404 [INFO ] org.hibernate.engine.transaction.jta.platform.internal.JtaPlatformInitiator.initiateService(JtaPlatformInitiator.java:52) : HHH000490: Using JtaPlatform implementation: [org.hibernate.engine.transaction.jta.platform.internal.NoJtaPlatform]
2020-11-05 21:31:58.005 [ERROR] org.example.repository.ReportRepository.loadUserShoppingLastYear(ReportRepository.java:56) : For input string: "1599331748000"
2020-11-05 21:32:32.521 [INFO ] org.hibernate.Version.logVersion(Version.java:44) : HHH000412: Hibernate ORM core version 5.4.22.Final
2020-11-05 21:32:34.566 [INFO ] org.hibernate.annotations.common.reflection.java.JavaReflectionManager.<clinit>(JavaReflectionManager.java:49) : HCANN000001: Hibernate Commons Annotations {5.1.0.Final}
2020-11-05 21:32:34.988 [WARN ] org.hibernate.engine.jdbc.connections.internal.DriverManagerConnectionProviderImpl.configure(DriverManagerConnectionProviderImpl.java:72) : HHH10001002: Using Hibernate built-in connection pool (not for production use!)
2020-11-05 21:32:34.997 [INFO ] org.hibernate.engine.jdbc.connections.internal.DriverManagerConnectionProviderImpl.buildCreator(DriverManagerConnectionProviderImpl.java:115) : HHH10001005: using driver [com.mysql.cj.jdbc.Driver] at URL [jdbc:mysql://localhost:3306/food_online]
2020-11-05 21:32:34.998 [INFO ] org.hibernate.engine.jdbc.connections.internal.DriverManagerConnectionProviderImpl.buildCreator(DriverManagerConnectionProviderImpl.java:124) : HHH10001001: Connection properties: {user=root, password=****}
2020-11-05 21:32:34.998 [INFO ] org.hibernate.engine.jdbc.connections.internal.DriverManagerConnectionProviderImpl.buildCreator(DriverManagerConnectionProviderImpl.java:129) : HHH10001003: Autocommit mode: false
2020-11-05 21:32:35.002 [INFO ] org.hibernate.engine.jdbc.connections.internal.DriverManagerConnectionProviderImpl$PooledConnections.<init>(DriverManagerConnectionProviderImpl.java:249) : HHH000115: Hibernate connection pool size: 10 (min=1)
2020-11-05 21:32:35.847 [INFO ] org.hibernate.dialect.Dialect.<init>(Dialect.java:170) : HHH000400: Using dialect: org.hibernate.dialect.MySQL8Dialect
2020-11-05 21:32:36.945 [INFO ] org.hibernate.resource.transaction.backend.jdbc.internal.DdlTransactionIsolatorNonJtaImpl.getIsolatedConnection(DdlTransactionIsolatorNonJtaImpl.java:47) : HHH10001501: Connection obtained from JdbcConnectionAccess [org.hibernate.engine.jdbc.env.internal.JdbcEnvironmentInitiator$ConnectionProviderJdbcConnectionAccess@1cb37ee4] for (non-JTA) DDL execution was not in auto-commit mode; the Connection 'local transaction' will be committed and the Connection will be set into auto-commit mode.
2020-11-05 21:32:40.128 [INFO ] org.hibernate.engine.transaction.jta.platform.internal.JtaPlatformInitiator.initiateService(JtaPlatformInitiator.java:52) : HHH000490: Using JtaPlatform implementation: [org.hibernate.engine.transaction.jta.platform.internal.NoJtaPlatform]
2020-11-05 21:33:21.662 [ERROR] org.example.repository.ReportRepository.loadUserShoppingLastYear(ReportRepository.java:56) : For input string: "1599331748000"
2020-11-05 21:35:11.034 [INFO ] org.hibernate.Version.logVersion(Version.java:44) : HHH000412: Hibernate ORM core version 5.4.22.Final
2020-11-05 21:35:13.183 [INFO ] org.hibernate.annotations.common.reflection.java.JavaReflectionManager.<clinit>(JavaReflectionManager.java:49) : HCANN000001: Hibernate Commons Annotations {5.1.0.Final}
2020-11-05 21:35:13.622 [WARN ] org.hibernate.engine.jdbc.connections.internal.DriverManagerConnectionProviderImpl.configure(DriverManagerConnectionProviderImpl.java:72) : HHH10001002: Using Hibernate built-in connection pool (not for production use!)
2020-11-05 21:35:13.630 [INFO ] org.hibernate.engine.jdbc.connections.internal.DriverManagerConnectionProviderImpl.buildCreator(DriverManagerConnectionProviderImpl.java:115) : HHH10001005: using driver [com.mysql.cj.jdbc.Driver] at URL [jdbc:mysql://localhost:3306/food_online]
2020-11-05 21:35:13.631 [INFO ] org.hibernate.engine.jdbc.connections.internal.DriverManagerConnectionProviderImpl.buildCreator(DriverManagerConnectionProviderImpl.java:124) : HHH10001001: Connection properties: {user=root, password=****}
2020-11-05 21:35:13.631 [INFO ] org.hibernate.engine.jdbc.connections.internal.DriverManagerConnectionProviderImpl.buildCreator(DriverManagerConnectionProviderImpl.java:129) : HHH10001003: Autocommit mode: false
2020-11-05 21:35:13.636 [INFO ] org.hibernate.engine.jdbc.connections.internal.DriverManagerConnectionProviderImpl$PooledConnections.<init>(DriverManagerConnectionProviderImpl.java:249) : HHH000115: Hibernate connection pool size: 10 (min=1)
2020-11-05 21:35:14.548 [INFO ] org.hibernate.dialect.Dialect.<init>(Dialect.java:170) : HHH000400: Using dialect: org.hibernate.dialect.MySQL8Dialect
2020-11-05 21:35:15.752 [INFO ] org.hibernate.resource.transaction.backend.jdbc.internal.DdlTransactionIsolatorNonJtaImpl.getIsolatedConnection(DdlTransactionIsolatorNonJtaImpl.java:47) : HHH10001501: Connection obtained from JdbcConnectionAccess [org.hibernate.engine.jdbc.env.internal.JdbcEnvironmentInitiator$ConnectionProviderJdbcConnectionAccess@1cb37ee4] for (non-JTA) DDL execution was not in auto-commit mode; the Connection 'local transaction' will be committed and the Connection will be set into auto-commit mode.
2020-11-05 21:35:16.045 [INFO ] org.hibernate.engine.transaction.jta.platform.internal.JtaPlatformInitiator.initiateService(JtaPlatformInitiator.java:52) : HHH000490: Using JtaPlatform implementation: [org.hibernate.engine.transaction.jta.platform.internal.NoJtaPlatform]
2020-11-05 21:35:40.207 [ERROR] org.example.repository.ReportRepository.loadUserShoppingLastYear(ReportRepository.java:49) : For input string: "1599331748000"
2020-11-05 21:36:50.070 [INFO ] org.hibernate.Version.logVersion(Version.java:44) : HHH000412: Hibernate ORM core version 5.4.22.Final
2020-11-05 21:36:51.589 [INFO ] org.hibernate.annotations.common.reflection.java.JavaReflectionManager.<clinit>(JavaReflectionManager.java:49) : HCANN000001: Hibernate Commons Annotations {5.1.0.Final}
2020-11-05 21:36:52.054 [WARN ] org.hibernate.engine.jdbc.connections.internal.DriverManagerConnectionProviderImpl.configure(DriverManagerConnectionProviderImpl.java:72) : HHH10001002: Using Hibernate built-in connection pool (not for production use!)
2020-11-05 21:36:52.063 [INFO ] org.hibernate.engine.jdbc.connections.internal.DriverManagerConnectionProviderImpl.buildCreator(DriverManagerConnectionProviderImpl.java:115) : HHH10001005: using driver [com.mysql.cj.jdbc.Driver] at URL [jdbc:mysql://localhost:3306/food_online]
2020-11-05 21:36:52.064 [INFO ] org.hibernate.engine.jdbc.connections.internal.DriverManagerConnectionProviderImpl.buildCreator(DriverManagerConnectionProviderImpl.java:124) : HHH10001001: Connection properties: {user=root, password=****}
2020-11-05 21:36:52.064 [INFO ] org.hibernate.engine.jdbc.connections.internal.DriverManagerConnectionProviderImpl.buildCreator(DriverManagerConnectionProviderImpl.java:129) : HHH10001003: Autocommit mode: false
2020-11-05 21:36:52.069 [INFO ] org.hibernate.engine.jdbc.connections.internal.DriverManagerConnectionProviderImpl$PooledConnections.<init>(DriverManagerConnectionProviderImpl.java:249) : HHH000115: Hibernate connection pool size: 10 (min=1)
2020-11-05 21:36:53.027 [INFO ] org.hibernate.dialect.Dialect.<init>(Dialect.java:170) : HHH000400: Using dialect: org.hibernate.dialect.MySQL8Dialect
2020-11-05 21:36:54.222 [INFO ] org.hibernate.resource.transaction.backend.jdbc.internal.DdlTransactionIsolatorNonJtaImpl.getIsolatedConnection(DdlTransactionIsolatorNonJtaImpl.java:47) : HHH10001501: Connection obtained from JdbcConnectionAccess [org.hibernate.engine.jdbc.env.internal.JdbcEnvironmentInitiator$ConnectionProviderJdbcConnectionAccess@5bcb04cb] for (non-JTA) DDL execution was not in auto-commit mode; the Connection 'local transaction' will be committed and the Connection will be set into auto-commit mode.
2020-11-05 21:36:54.455 [INFO ] org.hibernate.engine.transaction.jta.platform.internal.JtaPlatformInitiator.initiateService(JtaPlatformInitiator.java:52) : HHH000490: Using JtaPlatform implementation: [org.hibernate.engine.transaction.jta.platform.internal.NoJtaPlatform]
2020-11-05 21:37:12.119 [INFO ] org.hibernate.Version.logVersion(Version.java:44) : HHH000412: Hibernate ORM core version 5.4.22.Final
2020-11-05 21:37:13.195 [INFO ] org.hibernate.annotations.common.reflection.java.JavaReflectionManager.<clinit>(JavaReflectionManager.java:49) : HCANN000001: Hibernate Commons Annotations {5.1.0.Final}
2020-11-05 21:37:13.624 [WARN ] org.hibernate.engine.jdbc.connections.internal.DriverManagerConnectionProviderImpl.configure(DriverManagerConnectionProviderImpl.java:72) : HHH10001002: Using Hibernate built-in connection pool (not for production use!)
2020-11-05 21:37:13.633 [INFO ] org.hibernate.engine.jdbc.connections.internal.DriverManagerConnectionProviderImpl.buildCreator(DriverManagerConnectionProviderImpl.java:115) : HHH10001005: using driver [com.mysql.cj.jdbc.Driver] at URL [jdbc:mysql://localhost:3306/food_online]
2020-11-05 21:37:13.633 [INFO ] org.hibernate.engine.jdbc.connections.internal.DriverManagerConnectionProviderImpl.buildCreator(DriverManagerConnectionProviderImpl.java:124) : HHH10001001: Connection properties: {user=root, password=****}
2020-11-05 21:37:13.634 [INFO ] org.hibernate.engine.jdbc.connections.internal.DriverManagerConnectionProviderImpl.buildCreator(DriverManagerConnectionProviderImpl.java:129) : HHH10001003: Autocommit mode: false
2020-11-05 21:37:13.638 [INFO ] org.hibernate.engine.jdbc.connections.internal.DriverManagerConnectionProviderImpl$PooledConnections.<init>(DriverManagerConnectionProviderImpl.java:249) : HHH000115: Hibernate connection pool size: 10 (min=1)
2020-11-05 21:37:14.571 [INFO ] org.hibernate.dialect.Dialect.<init>(Dialect.java:170) : HHH000400: Using dialect: org.hibernate.dialect.MySQL8Dialect
2020-11-05 21:37:15.699 [INFO ] org.hibernate.resource.transaction.backend.jdbc.internal.DdlTransactionIsolatorNonJtaImpl.getIsolatedConnection(DdlTransactionIsolatorNonJtaImpl.java:47) : HHH10001501: Connection obtained from JdbcConnectionAccess [org.hibernate.engine.jdbc.env.internal.JdbcEnvironmentInitiator$ConnectionProviderJdbcConnectionAccess@2fc2a205] for (non-JTA) DDL execution was not in auto-commit mode; the Connection 'local transaction' will be committed and the Connection will be set into auto-commit mode.
2020-11-05 21:37:15.893 [INFO ] org.hibernate.engine.transaction.jta.platform.internal.JtaPlatformInitiator.initiateService(JtaPlatformInitiator.java:52) : HHH000490: Using JtaPlatform implementation: [org.hibernate.engine.transaction.jta.platform.internal.NoJtaPlatform]
2020-11-05 21:37:23.054 [ERROR] org.example.repository.ReportRepository.loadUserShoppingLastYear(ReportRepository.java:49) : For input string: "1599331748000"
2020-11-05 21:39:23.556 [INFO ] org.hibernate.Version.logVersion(Version.java:44) : HHH000412: Hibernate ORM core version 5.4.22.Final
2020-11-05 21:39:25.778 [INFO ] org.hibernate.annotations.common.reflection.java.JavaReflectionManager.<clinit>(JavaReflectionManager.java:49) : HCANN000001: Hibernate Commons Annotations {5.1.0.Final}
2020-11-05 21:39:26.201 [WARN ] org.hibernate.engine.jdbc.connections.internal.DriverManagerConnectionProviderImpl.configure(DriverManagerConnectionProviderImpl.java:72) : HHH10001002: Using Hibernate built-in connection pool (not for production use!)
2020-11-05 21:39:26.210 [INFO ] org.hibernate.engine.jdbc.connections.internal.DriverManagerConnectionProviderImpl.buildCreator(DriverManagerConnectionProviderImpl.java:115) : HHH10001005: using driver [com.mysql.cj.jdbc.Driver] at URL [jdbc:mysql://localhost:3306/food_online]
2020-11-05 21:39:26.211 [INFO ] org.hibernate.engine.jdbc.connections.internal.DriverManagerConnectionProviderImpl.buildCreator(DriverManagerConnectionProviderImpl.java:124) : HHH10001001: Connection properties: {user=root, password=****}
2020-11-05 21:39:26.211 [INFO ] org.hibernate.engine.jdbc.connections.internal.DriverManagerConnectionProviderImpl.buildCreator(DriverManagerConnectionProviderImpl.java:129) : HHH10001003: Autocommit mode: false
2020-11-05 21:39:26.215 [INFO ] org.hibernate.engine.jdbc.connections.internal.DriverManagerConnectionProviderImpl$PooledConnections.<init>(DriverManagerConnectionProviderImpl.java:249) : HHH000115: Hibernate connection pool size: 10 (min=1)
2020-11-05 21:39:27.098 [INFO ] org.hibernate.dialect.Dialect.<init>(Dialect.java:170) : HHH000400: Using dialect: org.hibernate.dialect.MySQL8Dialect
2020-11-05 21:39:28.252 [INFO ] org.hibernate.resource.transaction.backend.jdbc.internal.DdlTransactionIsolatorNonJtaImpl.getIsolatedConnection(DdlTransactionIsolatorNonJtaImpl.java:47) : HHH10001501: Connection obtained from JdbcConnectionAccess [org.hibernate.engine.jdbc.env.internal.JdbcEnvironmentInitiator$ConnectionProviderJdbcConnectionAccess@5bcb04cb] for (non-JTA) DDL execution was not in auto-commit mode; the Connection 'local transaction' will be committed and the Connection will be set into auto-commit mode.
2020-11-05 21:39:28.462 [INFO ] org.hibernate.engine.transaction.jta.platform.internal.JtaPlatformInitiator.initiateService(JtaPlatformInitiator.java:52) : HHH000490: Using JtaPlatform implementation: [org.hibernate.engine.transaction.jta.platform.internal.NoJtaPlatform]
2020-11-05 21:40:44.031 [INFO ] org.hibernate.Version.logVersion(Version.java:44) : HHH000412: Hibernate ORM core version 5.4.22.Final
2020-11-05 21:40:45.267 [INFO ] org.hibernate.annotations.common.reflection.java.JavaReflectionManager.<clinit>(JavaReflectionManager.java:49) : HCANN000001: Hibernate Commons Annotations {5.1.0.Final}
2020-11-05 21:40:45.743 [WARN ] org.hibernate.engine.jdbc.connections.internal.DriverManagerConnectionProviderImpl.configure(DriverManagerConnectionProviderImpl.java:72) : HHH10001002: Using Hibernate built-in connection pool (not for production use!)
2020-11-05 21:40:45.753 [INFO ] org.hibernate.engine.jdbc.connections.internal.DriverManagerConnectionProviderImpl.buildCreator(DriverManagerConnectionProviderImpl.java:115) : HHH10001005: using driver [com.mysql.cj.jdbc.Driver] at URL [jdbc:mysql://localhost:3306/food_online]
2020-11-05 21:40:45.754 [INFO ] org.hibernate.engine.jdbc.connections.internal.DriverManagerConnectionProviderImpl.buildCreator(DriverManagerConnectionProviderImpl.java:124) : HHH10001001: Connection properties: {user=root, password=****}
2020-11-05 21:40:45.754 [INFO ] org.hibernate.engine.jdbc.connections.internal.DriverManagerConnectionProviderImpl.buildCreator(DriverManagerConnectionProviderImpl.java:129) : HHH10001003: Autocommit mode: false
2020-11-05 21:40:45.759 [INFO ] org.hibernate.engine.jdbc.connections.internal.DriverManagerConnectionProviderImpl$PooledConnections.<init>(DriverManagerConnectionProviderImpl.java:249) : HHH000115: Hibernate connection pool size: 10 (min=1)
2020-11-05 21:40:46.610 [INFO ] org.hibernate.dialect.Dialect.<init>(Dialect.java:170) : HHH000400: Using dialect: org.hibernate.dialect.MySQL8Dialect
2020-11-05 21:40:47.733 [INFO ] org.hibernate.resource.transaction.backend.jdbc.internal.DdlTransactionIsolatorNonJtaImpl.getIsolatedConnection(DdlTransactionIsolatorNonJtaImpl.java:47) : HHH10001501: Connection obtained from JdbcConnectionAccess [org.hibernate.engine.jdbc.env.internal.JdbcEnvironmentInitiator$ConnectionProviderJdbcConnectionAccess@2fc2a205] for (non-JTA) DDL execution was not in auto-commit mode; the Connection 'local transaction' will be committed and the Connection will be set into auto-commit mode.
2020-11-05 21:40:47.919 [INFO ] org.hibernate.engine.transaction.jta.platform.internal.JtaPlatformInitiator.initiateService(JtaPlatformInitiator.java:52) : HHH000490: Using JtaPlatform implementation: [org.hibernate.engine.transaction.jta.platform.internal.NoJtaPlatform]
2020-11-05 21:43:55.243 [INFO ] org.hibernate.Version.logVersion(Version.java:44) : HHH000412: Hibernate ORM core version 5.4.22.Final
2020-11-05 21:43:56.743 [INFO ] org.hibernate.annotations.common.reflection.java.JavaReflectionManager.<clinit>(JavaReflectionManager.java:49) : HCANN000001: Hibernate Commons Annotations {5.1.0.Final}
2020-11-05 21:43:57.164 [WARN ] org.hibernate.engine.jdbc.connections.internal.DriverManagerConnectionProviderImpl.configure(DriverManagerConnectionProviderImpl.java:72) : HHH10001002: Using Hibernate built-in connection pool (not for production use!)
2020-11-05 21:43:57.173 [INFO ] org.hibernate.engine.jdbc.connections.internal.DriverManagerConnectionProviderImpl.buildCreator(DriverManagerConnectionProviderImpl.java:115) : HHH10001005: using driver [com.mysql.cj.jdbc.Driver] at URL [jdbc:mysql://localhost:3306/food_online]
2020-11-05 21:43:57.174 [INFO ] org.hibernate.engine.jdbc.connections.internal.DriverManagerConnectionProviderImpl.buildCreator(DriverManagerConnectionProviderImpl.java:124) : HHH10001001: Connection properties: {user=root, password=****}
2020-11-05 21:43:57.174 [INFO ] org.hibernate.engine.jdbc.connections.internal.DriverManagerConnectionProviderImpl.buildCreator(DriverManagerConnectionProviderImpl.java:129) : HHH10001003: Autocommit mode: false
2020-11-05 21:43:57.178 [INFO ] org.hibernate.engine.jdbc.connections.internal.DriverManagerConnectionProviderImpl$PooledConnections.<init>(DriverManagerConnectionProviderImpl.java:249) : HHH000115: Hibernate connection pool size: 10 (min=1)
2020-11-05 21:43:58.005 [INFO ] org.hibernate.dialect.Dialect.<init>(Dialect.java:170) : HHH000400: Using dialect: org.hibernate.dialect.MySQL8Dialect
2020-11-05 21:43:59.108 [INFO ] org.hibernate.resource.transaction.backend.jdbc.internal.DdlTransactionIsolatorNonJtaImpl.getIsolatedConnection(DdlTransactionIsolatorNonJtaImpl.java:47) : HHH10001501: Connection obtained from JdbcConnectionAccess [org.hibernate.engine.jdbc.env.internal.JdbcEnvironmentInitiator$ConnectionProviderJdbcConnectionAccess@5bcb04cb] for (non-JTA) DDL execution was not in auto-commit mode; the Connection 'local transaction' will be committed and the Connection will be set into auto-commit mode.
2020-11-05 21:43:59.292 [INFO ] org.hibernate.engine.transaction.jta.platform.internal.JtaPlatformInitiator.initiateService(JtaPlatformInitiator.java:52) : HHH000490: Using JtaPlatform implementation: [org.hibernate.engine.transaction.jta.platform.internal.NoJtaPlatform]
2020-11-05 21:44:17.710 [ERROR] org.example.repository.ReportRepository.loadUserShoppingLastYear(ReportRepository.java:49) : For input string: "1599331748000"
2020-11-05 21:45:36.764 [INFO ] org.hibernate.Version.logVersion(Version.java:44) : HHH000412: Hibernate ORM core version 5.4.22.Final
2020-11-05 21:45:37.775 [INFO ] org.hibernate.annotations.common.reflection.java.JavaReflectionManager.<clinit>(JavaReflectionManager.java:49) : HCANN000001: Hibernate Commons Annotations {5.1.0.Final}
2020-11-05 21:45:38.227 [WARN ] org.hibernate.engine.jdbc.connections.internal.DriverManagerConnectionProviderImpl.configure(DriverManagerConnectionProviderImpl.java:72) : HHH10001002: Using Hibernate built-in connection pool (not for production use!)
2020-11-05 21:45:38.239 [INFO ] org.hibernate.engine.jdbc.connections.internal.DriverManagerConnectionProviderImpl.buildCreator(DriverManagerConnectionProviderImpl.java:115) : HHH10001005: using driver [com.mysql.cj.jdbc.Driver] at URL [jdbc:mysql://localhost:3306/food_online]
2020-11-05 21:45:38.240 [INFO ] org.hibernate.engine.jdbc.connections.internal.DriverManagerConnectionProviderImpl.buildCreator(DriverManagerConnectionProviderImpl.java:124) : HHH10001001: Connection properties: {user=root, password=****}
2020-11-05 21:45:38.240 [INFO ] org.hibernate.engine.jdbc.connections.internal.DriverManagerConnectionProviderImpl.buildCreator(DriverManagerConnectionProviderImpl.java:129) : HHH10001003: Autocommit mode: false
2020-11-05 21:45:38.245 [INFO ] org.hibernate.engine.jdbc.connections.internal.DriverManagerConnectionProviderImpl$PooledConnections.<init>(DriverManagerConnectionProviderImpl.java:249) : HHH000115: Hibernate connection pool size: 10 (min=1)
2020-11-05 21:45:39.170 [INFO ] org.hibernate.dialect.Dialect.<init>(Dialect.java:170) : HHH000400: Using dialect: org.hibernate.dialect.MySQL8Dialect
2020-11-05 21:45:40.327 [INFO ] org.hibernate.resource.transaction.backend.jdbc.internal.DdlTransactionIsolatorNonJtaImpl.getIsolatedConnection(DdlTransactionIsolatorNonJtaImpl.java:47) : HHH10001501: Connection obtained from JdbcConnectionAccess [org.hibernate.engine.jdbc.env.internal.JdbcEnvironmentInitiator$ConnectionProviderJdbcConnectionAccess@5bcb04cb] for (non-JTA) DDL execution was not in auto-commit mode; the Connection 'local transaction' will be committed and the Connection will be set into auto-commit mode.
2020-11-05 21:45:40.514 [INFO ] org.hibernate.engine.transaction.jta.platform.internal.JtaPlatformInitiator.initiateService(JtaPlatformInitiator.java:52) : HHH000490: Using JtaPlatform implementation: [org.hibernate.engine.transaction.jta.platform.internal.NoJtaPlatform]
2020-11-05 21:45:47.694 [ERROR] org.example.repository.ReportRepository.loadUserShoppingLastYear(ReportRepository.java:49) : For input string: "1599331748000"
2020-11-05 21:46:34.542 [INFO ] org.hibernate.Version.logVersion(Version.java:44) : HHH000412: Hibernate ORM core version 5.4.22.Final
2020-11-05 21:46:35.761 [INFO ] org.hibernate.annotations.common.reflection.java.JavaReflectionManager.<clinit>(JavaReflectionManager.java:49) : HCANN000001: Hibernate Commons Annotations {5.1.0.Final}
2020-11-05 21:46:36.238 [WARN ] org.hibernate.engine.jdbc.connections.internal.DriverManagerConnectionProviderImpl.configure(DriverManagerConnectionProviderImpl.java:72) : HHH10001002: Using Hibernate built-in connection pool (not for production use!)
2020-11-05 21:46:36.251 [INFO ] org.hibernate.engine.jdbc.connections.internal.DriverManagerConnectionProviderImpl.buildCreator(DriverManagerConnectionProviderImpl.java:115) : HHH10001005: using driver [com.mysql.cj.jdbc.Driver] at URL [jdbc:mysql://localhost:3306/food_online]
2020-11-05 21:46:36.252 [INFO ] org.hibernate.engine.jdbc.connections.internal.DriverManagerConnectionProviderImpl.buildCreator(DriverManagerConnectionProviderImpl.java:124) : HHH10001001: Connection properties: {user=root, password=****}
2020-11-05 21:46:36.252 [INFO ] org.hibernate.engine.jdbc.connections.internal.DriverManagerConnectionProviderImpl.buildCreator(DriverManagerConnectionProviderImpl.java:129) : HHH10001003: Autocommit mode: false
2020-11-05 21:46:36.258 [INFO ] org.hibernate.engine.jdbc.connections.internal.DriverManagerConnectionProviderImpl$PooledConnections.<init>(DriverManagerConnectionProviderImpl.java:249) : HHH000115: Hibernate connection pool size: 10 (min=1)
2020-11-05 21:46:37.305 [INFO ] org.hibernate.dialect.Dialect.<init>(Dialect.java:170) : HHH000400: Using dialect: org.hibernate.dialect.MySQL8Dialect
2020-11-05 21:46:38.931 [INFO ] org.hibernate.resource.transaction.backend.jdbc.internal.DdlTransactionIsolatorNonJtaImpl.getIsolatedConnection(DdlTransactionIsolatorNonJtaImpl.java:47) : HHH10001501: Connection obtained from JdbcConnectionAccess [org.hibernate.engine.jdbc.env.internal.JdbcEnvironmentInitiator$ConnectionProviderJdbcConnectionAccess@7c5df615] for (non-JTA) DDL execution was not in auto-commit mode; the Connection 'local transaction' will be committed and the Connection will be set into auto-commit mode.
2020-11-05 21:46:39.255 [INFO ] org.hibernate.engine.transaction.jta.platform.internal.JtaPlatformInitiator.initiateService(JtaPlatformInitiator.java:52) : HHH000490: Using JtaPlatform implementation: [org.hibernate.engine.transaction.jta.platform.internal.NoJtaPlatform]
2020-11-05 21:47:53.046 [ERROR] org.example.repository.ReportRepository.loadUserShoppingLastYear(ReportRepository.java:49) : For input string: "1599331748000"
2020-11-05 21:47:59.080 [INFO ] org.hibernate.Version.logVersion(Version.java:44) : HHH000412: Hibernate ORM core version 5.4.22.Final
2020-11-05 21:48:00.464 [INFO ] org.hibernate.annotations.common.reflection.java.JavaReflectionManager.<clinit>(JavaReflectionManager.java:49) : HCANN000001: Hibernate Commons Annotations {5.1.0.Final}
2020-11-05 21:48:00.891 [WARN ] org.hibernate.engine.jdbc.connections.internal.DriverManagerConnectionProviderImpl.configure(DriverManagerConnectionProviderImpl.java:72) : HHH10001002: Using Hibernate built-in connection pool (not for production use!)
2020-11-05 21:48:00.899 [INFO ] org.hibernate.engine.jdbc.connections.internal.DriverManagerConnectionProviderImpl.buildCreator(DriverManagerConnectionProviderImpl.java:115) : HHH10001005: using driver [com.mysql.cj.jdbc.Driver] at URL [jdbc:mysql://localhost:3306/food_online]
2020-11-05 21:48:00.900 [INFO ] org.hibernate.engine.jdbc.connections.internal.DriverManagerConnectionProviderImpl.buildCreator(DriverManagerConnectionProviderImpl.java:124) : HHH10001001: Connection properties: {user=root, password=****}
2020-11-05 21:48:00.900 [INFO ] org.hibernate.engine.jdbc.connections.internal.DriverManagerConnectionProviderImpl.buildCreator(DriverManagerConnectionProviderImpl.java:129) : HHH10001003: Autocommit mode: false
2020-11-05 21:48:00.904 [INFO ] org.hibernate.engine.jdbc.connections.internal.DriverManagerConnectionProviderImpl$PooledConnections.<init>(DriverManagerConnectionProviderImpl.java:249) : HHH000115: Hibernate connection pool size: 10 (min=1)
2020-11-05 21:48:01.755 [INFO ] org.hibernate.dialect.Dialect.<init>(Dialect.java:170) : HHH000400: Using dialect: org.hibernate.dialect.MySQL8Dialect
2020-11-05 21:48:02.906 [INFO ] org.hibernate.resource.transaction.backend.jdbc.internal.DdlTransactionIsolatorNonJtaImpl.getIsolatedConnection(DdlTransactionIsolatorNonJtaImpl.java:47) : HHH10001501: Connection obtained from JdbcConnectionAccess [org.hibernate.engine.jdbc.env.internal.JdbcEnvironmentInitiator$ConnectionProviderJdbcConnectionAccess@2fc2a205] for (non-JTA) DDL execution was not in auto-commit mode; the Connection 'local transaction' will be committed and the Connection will be set into auto-commit mode.
2020-11-05 21:48:03.105 [INFO ] org.hibernate.engine.transaction.jta.platform.internal.JtaPlatformInitiator.initiateService(JtaPlatformInitiator.java:52) : HHH000490: Using JtaPlatform implementation: [org.hibernate.engine.transaction.jta.platform.internal.NoJtaPlatform]
2020-11-07 15:15:11.350 [INFO ] org.hibernate.Version.logVersion(Version.java:44) : HHH000412: Hibernate ORM core version 5.4.22.Final
2020-11-07 15:15:14.082 [INFO ] org.hibernate.annotations.common.reflection.java.JavaReflectionManager.<clinit>(JavaReflectionManager.java:49) : HCANN000001: Hibernate Commons Annotations {5.1.0.Final}
2020-11-07 15:15:14.393 [WARN ] org.hibernate.engine.jdbc.connections.internal.DriverManagerConnectionProviderImpl.configure(DriverManagerConnectionProviderImpl.java:72) : HHH10001002: Using Hibernate built-in connection pool (not for production use!)
2020-11-07 15:15:14.421 [INFO ] org.hibernate.engine.jdbc.connections.internal.DriverManagerConnectionProviderImpl.buildCreator(DriverManagerConnectionProviderImpl.java:115) : HHH10001005: using driver [com.mysql.cj.jdbc.Driver] at URL [jdbc:mysql://localhost:3306/food_online]
2020-11-07 15:15:14.421 [INFO ] org.hibernate.engine.jdbc.connections.internal.DriverManagerConnectionProviderImpl.buildCreator(DriverManagerConnectionProviderImpl.java:124) : HHH10001001: Connection properties: {password=****, user=root}
2020-11-07 15:15:14.437 [INFO ] org.hibernate.engine.jdbc.connections.internal.DriverManagerConnectionProviderImpl.buildCreator(DriverManagerConnectionProviderImpl.java:129) : HHH10001003: Autocommit mode: false
2020-11-07 15:15:14.439 [INFO ] org.hibernate.engine.jdbc.connections.internal.DriverManagerConnectionProviderImpl$PooledConnections.<init>(DriverManagerConnectionProviderImpl.java:249) : HHH000115: Hibernate connection pool size: 10 (min=1)
2020-11-07 15:15:14.961 [INFO ] org.hibernate.dialect.Dialect.<init>(Dialect.java:170) : HHH000400: Using dialect: org.hibernate.dialect.MySQL8Dialect
2020-11-07 15:15:15.725 [INFO ] org.hibernate.resource.transaction.backend.jdbc.internal.DdlTransactionIsolatorNonJtaImpl.getIsolatedConnection(DdlTransactionIsolatorNonJtaImpl.java:47) : HHH10001501: Connection obtained from JdbcConnectionAccess [org.hibernate.engine.jdbc.env.internal.JdbcEnvironmentInitiator$ConnectionProviderJdbcConnectionAccess@eb6ec6] for (non-JTA) DDL execution was not in auto-commit mode; the Connection 'local transaction' will be committed and the Connection will be set into auto-commit mode.
2020-11-07 15:15:25.809 [INFO ] org.hibernate.engine.transaction.jta.platform.internal.JtaPlatformInitiator.initiateService(JtaPlatformInitiator.java:52) : HHH000490: Using JtaPlatform implementation: [org.hibernate.engine.transaction.jta.platform.internal.NoJtaPlatform]
2020-11-07 15:15:26.099 [ERROR] org.example.repository.RestaurantRepository.findByName(RestaurantRepository.java:46) : No entity found for query
2020-11-07 15:15:26.200 [ERROR] org.example.repository.RestaurantRepository.findByName(RestaurantRepository.java:46) : No entity found for query
2020-11-07 15:16:12.222 [ERROR] org.example.repository.UserRepository.findUserByMobile(UserRepository.java:48) : No entity found for query
2020-11-07 15:16:53.111 [ERROR] org.example.repository.RestaurantRepository.findByName(RestaurantRepository.java:46) : No entity found for query
2020-11-07 19:18:47.406 [ERROR] org.example.repository.UserRepository.findUserByMobile(UserRepository.java:48) : No entity found for query
2020-11-07 19:19:59.398 [ERROR] org.example.repository.UserRepository.findUserByMobile(UserRepository.java:48) : No entity found for query
